2023-09-03 22:58:39 [background-preinit] INFO  o.h.validator.internal.util.Version - HV000001: Hibernate Validator 6.1.5.Final
2023-09-03 22:58:39 [main] INFO  c.g.m.d.config.server.ConfigServer - No active profile set, falling back to default profiles: default
2023-09-03 22:58:39 [main] INFO  o.s.cloud.context.scope.GenericScope - BeanFactory id=2a519873-3bf9-3410-9240-bed5bf7485b8
2023-09-03 22:58:40 [main] INFO  o.s.b.w.e.tomcat.TomcatWebServer - Tomcat initialized with port(s): 8888 (http)
2023-09-03 22:58:40 [main] INFO  o.a.coyote.http11.Http11NioProtocol - Initializing ProtocolHandler ["http-nio-8888"]
2023-09-03 22:58:40 [main] INFO  o.a.catalina.core.StandardService - Starting service [Tomcat]
2023-09-03 22:58:40 [main] INFO  o.a.catalina.core.StandardEngine - Starting Servlet engine: [Apache Tomcat/9.0.38]
2023-09-03 22:58:40 [main] INFO  o.a.c.c.C.[Tomcat].[localhost].[/] - Initializing Spring embedded WebApplicationContext
2023-09-03 22:58:40 [main] INFO  o.s.b.w.s.c.ServletWebServerApplicationContext - Root WebApplicationContext: initialization completed in 548 ms
2023-09-03 22:58:40 [main] INFO  o.s.s.c.ThreadPoolTaskExecutor - Initializing ExecutorService 'applicationTaskExecutor'
2023-09-03 22:58:42 [main] INFO  o.s.s.web.DefaultSecurityFilterChain - Creating filter chain: Ant [pattern='/actuator/**'], []
2023-09-03 22:58:42 [main] INFO  o.s.s.web.DefaultSecurityFilterChain - Creating filter chain: Ant [pattern='/encrypt/**'], []
2023-09-03 22:58:42 [main] INFO  o.s.s.web.DefaultSecurityFilterChain - Creating filter chain: Ant [pattern='/decrypt/**'], []
2023-09-03 22:58:42 [main] INFO  o.s.s.web.DefaultSecurityFilterChain - Creating filter chain: any request, [org.springframework.security.web.context.request.async.WebAsyncManagerIntegrationFilter@3006bfb, org.springframework.security.web.context.SecurityContextPersistenceFilter@4ec427, org.springframework.security.web.header.HeaderWriterFilter@342723a3, org.springframework.security.web.csrf.CsrfFilter@6fc0e448, org.springframework.security.web.authentication.logout.LogoutFilter@58ebee9, org.springframework.security.web.authentication.UsernamePasswordAuthenticationFilter@59e0d521, org.springframework.security.web.authentication.ui.DefaultLoginPageGeneratingFilter@b808af5, org.springframework.security.web.authentication.ui.DefaultLogoutPageGeneratingFilter@4fd37449, org.springframework.security.web.authentication.www.BasicAuthenticationFilter@5bb99d1d, org.springframework.security.web.savedrequest.RequestCacheAwareFilter@fde487b, org.springframework.security.web.servletapi.SecurityContextHolderAwareRequestFilter@26270b77, org.springframework.security.web.authentication.AnonymousAuthenticationFilter@5402612e, org.springframework.security.web.session.SessionManagementFilter@6b751cb1, org.springframework.security.web.access.ExceptionTranslationFilter@30fa8a6b, org.springframework.security.web.access.intercept.FilterSecurityInterceptor@1be3f8f8]
2023-09-03 22:58:42 [main] INFO  o.s.b.a.e.web.EndpointLinksResolver - Exposing 2 endpoint(s) beneath base path '/actuator'
2023-09-03 22:58:42 [main] INFO  o.a.coyote.http11.Http11NioProtocol - Starting ProtocolHandler ["http-nio-8888"]
2023-09-03 22:58:42 [main] WARN  o.s.b.w.s.c.AnnotationConfigServletWebServerApplicationContext - Exception encountered during context initialization - cancelling refresh attempt: org.springframework.context.ApplicationContextException: Failed to start bean 'webServerStartStop'; nested exception is org.springframework.boot.web.server.PortInUseException: Port 8888 is already in use
2023-09-03 22:58:42 [main] INFO  o.s.s.c.ThreadPoolTaskExecutor - Shutting down ExecutorService 'applicationTaskExecutor'
2023-09-03 22:58:42 [main] INFO  o.a.coyote.http11.Http11NioProtocol - Pausing ProtocolHandler ["http-nio-8888"]
2023-09-03 22:58:42 [main] INFO  o.a.catalina.core.StandardService - Stopping service [Tomcat]
2023-09-03 22:58:42 [main] INFO  o.a.coyote.http11.Http11NioProtocol - Stopping ProtocolHandler ["http-nio-8888"]
2023-09-03 22:58:42 [main] INFO  o.a.coyote.http11.Http11NioProtocol - Destroying ProtocolHandler ["http-nio-8888"]
2023-09-03 22:58:42 [main] INFO  o.s.b.a.l.ConditionEvaluationReportLoggingListener - 

Error starting ApplicationContext. To display the conditions report re-run your application with 'debug' enabled.
2023-09-03 22:58:42 [main] ERROR o.s.b.d.LoggingFailureAnalysisReporter - 

***************************
APPLICATION FAILED TO START
***************************

Description:

Web server failed to start. Port 8888 was already in use.

Action:

Identify and stop the process that's listening on port 8888 or configure this application to listen on another port.

