2023-08-07 17:56:15 [background-preinit] INFO  o.h.validator.internal.util.Version - HV000001: Hibernate Validator 6.1.5.Final
2023-08-07 17:56:15 [main] INFO  c.g.m.d.config.server.ConfigServer - No active profile set, falling back to default profiles: default
2023-08-07 17:56:15 [main] INFO  o.s.cloud.context.scope.GenericScope - BeanFactory id=2a519873-3bf9-3410-9240-bed5bf7485b8
2023-08-07 17:56:16 [main] INFO  o.s.b.w.e.tomcat.TomcatWebServer - Tomcat initialized with port(s): 8888 (http)
2023-08-07 17:56:16 [main] INFO  o.a.coyote.http11.Http11NioProtocol - Initializing ProtocolHandler ["http-nio-8888"]
2023-08-07 17:56:16 [main] INFO  o.a.catalina.core.StandardService - Starting service [Tomcat]
2023-08-07 17:56:16 [main] INFO  o.a.catalina.core.StandardEngine - Starting Servlet engine: [Apache Tomcat/9.0.38]
2023-08-07 17:56:16 [main] INFO  o.a.c.c.C.[Tomcat].[localhost].[/] - Initializing Spring embedded WebApplicationContext
2023-08-07 17:56:16 [main] INFO  o.s.b.w.s.c.ServletWebServerApplicationContext - Root WebApplicationContext: initialization completed in 535 ms
2023-08-07 17:56:16 [main] INFO  o.s.s.c.ThreadPoolTaskExecutor - Initializing ExecutorService 'applicationTaskExecutor'
2023-08-07 17:56:17 [main] INFO  o.s.s.web.DefaultSecurityFilterChain - Creating filter chain: Ant [pattern='/actuator/**'], []
2023-08-07 17:56:17 [main] INFO  o.s.s.web.DefaultSecurityFilterChain - Creating filter chain: Ant [pattern='/encrypt/**'], []
2023-08-07 17:56:17 [main] INFO  o.s.s.web.DefaultSecurityFilterChain - Creating filter chain: Ant [pattern='/decrypt/**'], []
2023-08-07 17:56:17 [main] INFO  o.s.s.web.DefaultSecurityFilterChain - Creating filter chain: any request, [org.springframework.security.web.context.request.async.WebAsyncManagerIntegrationFilter@5072e638, org.springframework.security.web.context.SecurityContextPersistenceFilter@61b8c9de, org.springframework.security.web.header.HeaderWriterFilter@fde487b, org.springframework.security.web.csrf.CsrfFilter@495da9a7, org.springframework.security.web.authentication.logout.LogoutFilter@ce2eaa7, org.springframework.security.web.authentication.UsernamePasswordAuthenticationFilter@4fedf908, org.springframework.security.web.authentication.ui.DefaultLoginPageGeneratingFilter@2abedbbd, org.springframework.security.web.authentication.ui.DefaultLogoutPageGeneratingFilter@3129299f, org.springframework.security.web.authentication.www.BasicAuthenticationFilter@17befef0, org.springframework.security.web.savedrequest.RequestCacheAwareFilter@5b490d5e, org.springframework.security.web.servletapi.SecurityContextHolderAwareRequestFilter@246df37b, org.springframework.security.web.authentication.AnonymousAuthenticationFilter@2f73f0c7, org.springframework.security.web.session.SessionManagementFilter@3add5e17, org.springframework.security.web.access.ExceptionTranslationFilter@4ec427, org.springframework.security.web.access.intercept.FilterSecurityInterceptor@2e3900dc]
2023-08-07 17:56:17 [main] INFO  o.s.b.a.e.web.EndpointLinksResolver - Exposing 2 endpoint(s) beneath base path '/actuator'
2023-08-07 17:56:17 [main] INFO  o.a.coyote.http11.Http11NioProtocol - Starting ProtocolHandler ["http-nio-8888"]
2023-08-07 17:56:17 [main] INFO  o.s.b.w.e.tomcat.TomcatWebServer - Tomcat started on port(s): 8888 (http) with context path ''
2023-08-07 17:56:17 [main] INFO  c.g.m.d.config.server.ConfigServer - Started ConfigServer in 2.799 seconds (JVM running for 3.058)
2023-08-07 17:59:04 [http-nio-8888-exec-1] INFO  o.a.c.c.C.[Tomcat].[localhost].[/] - Initializing Spring DispatcherServlet 'dispatcherServlet'
2023-08-07 17:59:04 [http-nio-8888-exec-1] INFO  o.s.web.servlet.DispatcherServlet - Initializing Servlet 'dispatcherServlet'
2023-08-07 17:59:04 [http-nio-8888-exec-1] INFO  o.s.web.servlet.DispatcherServlet - Completed initialization in 6 ms
2023-08-07 17:59:06 [http-nio-8888-exec-1] INFO  o.s.c.c.s.e.NativeEnvironmentRepository - Adding property source: file:/var/folders/x_/z3p_9fbn3z9gsfjdpnwxdnbm0000gn/T/config-repo-8850626554736738065/config-client-twitter_to_kafka.yml
2023-08-07 17:59:06 [http-nio-8888-exec-1] INFO  o.s.c.c.s.e.NativeEnvironmentRepository - Adding property source: file:/var/folders/x_/z3p_9fbn3z9gsfjdpnwxdnbm0000gn/T/config-repo-8850626554736738065/config-client.yml
2023-08-07 18:04:44 [SpringContextShutdownHook] INFO  o.s.s.c.ThreadPoolTaskExecutor - Shutting down ExecutorService 'applicationTaskExecutor'
2023-08-07 18:07:46 [background-preinit] INFO  o.h.validator.internal.util.Version - HV000001: Hibernate Validator 6.1.5.Final
2023-08-07 18:07:47 [main] INFO  c.g.m.d.config.server.ConfigServer - No active profile set, falling back to default profiles: default
2023-08-07 18:07:47 [main] INFO  o.s.cloud.context.scope.GenericScope - BeanFactory id=2a519873-3bf9-3410-9240-bed5bf7485b8
2023-08-07 18:07:47 [main] INFO  o.s.b.w.e.tomcat.TomcatWebServer - Tomcat initialized with port(s): 8888 (http)
2023-08-07 18:07:47 [main] INFO  o.a.coyote.http11.Http11NioProtocol - Initializing ProtocolHandler ["http-nio-8888"]
2023-08-07 18:07:47 [main] INFO  o.a.catalina.core.StandardService - Starting service [Tomcat]
2023-08-07 18:07:47 [main] INFO  o.a.catalina.core.StandardEngine - Starting Servlet engine: [Apache Tomcat/9.0.38]
2023-08-07 18:07:47 [main] INFO  o.a.c.c.C.[Tomcat].[localhost].[/] - Initializing Spring embedded WebApplicationContext
2023-08-07 18:07:47 [main] INFO  o.s.b.w.s.c.ServletWebServerApplicationContext - Root WebApplicationContext: initialization completed in 523 ms
2023-08-07 18:07:47 [main] INFO  o.s.s.c.ThreadPoolTaskExecutor - Initializing ExecutorService 'applicationTaskExecutor'
2023-08-07 18:07:49 [main] INFO  o.s.s.web.DefaultSecurityFilterChain - Creating filter chain: Ant [pattern='/actuator/**'], []
2023-08-07 18:07:49 [main] INFO  o.s.s.web.DefaultSecurityFilterChain - Creating filter chain: Ant [pattern='/encrypt/**'], []
2023-08-07 18:07:49 [main] INFO  o.s.s.web.DefaultSecurityFilterChain - Creating filter chain: Ant [pattern='/decrypt/**'], []
2023-08-07 18:07:49 [main] INFO  o.s.s.web.DefaultSecurityFilterChain - Creating filter chain: any request, [org.springframework.security.web.context.request.async.WebAsyncManagerIntegrationFilter@5402612e, org.springframework.security.web.context.SecurityContextPersistenceFilter@fde487b, org.springframework.security.web.header.HeaderWriterFilter@6b751cb1, org.springframework.security.web.csrf.CsrfFilter@4db6348b, org.springframework.security.web.authentication.logout.LogoutFilter@7f030c72, org.springframework.security.web.authentication.UsernamePasswordAuthenticationFilter@5ad0c70a, org.springframework.security.web.authentication.ui.DefaultLoginPageGeneratingFilter@2fd4312a, org.springframework.security.web.authentication.ui.DefaultLogoutPageGeneratingFilter@43445fc6, org.springframework.security.web.authentication.www.BasicAuthenticationFilter@4fd37449, org.springframework.security.web.savedrequest.RequestCacheAwareFilter@3add5e17, org.springframework.security.web.servletapi.SecurityContextHolderAwareRequestFilter@18b04526, org.springframework.security.web.authentication.AnonymousAuthenticationFilter@431babe6, org.springframework.security.web.session.SessionManagementFilter@4ec427, org.springframework.security.web.access.ExceptionTranslationFilter@342723a3, org.springframework.security.web.access.intercept.FilterSecurityInterceptor@2ceb68a1]
2023-08-07 18:07:49 [main] INFO  o.s.b.a.e.web.EndpointLinksResolver - Exposing 2 endpoint(s) beneath base path '/actuator'
2023-08-07 18:07:49 [main] INFO  o.a.coyote.http11.Http11NioProtocol - Starting ProtocolHandler ["http-nio-8888"]
2023-08-07 18:07:49 [main] INFO  o.s.b.w.e.tomcat.TomcatWebServer - Tomcat started on port(s): 8888 (http) with context path ''
2023-08-07 18:07:49 [main] INFO  c.g.m.d.config.server.ConfigServer - Started ConfigServer in 2.974 seconds (JVM running for 3.236)
2023-08-07 18:08:06 [SpringContextShutdownHook] INFO  o.s.s.c.ThreadPoolTaskExecutor - Shutting down ExecutorService 'applicationTaskExecutor'
2023-08-07 18:08:07 [background-preinit] INFO  o.h.validator.internal.util.Version - HV000001: Hibernate Validator 6.1.5.Final
2023-08-07 18:08:08 [main] INFO  c.g.m.d.config.server.ConfigServer - No active profile set, falling back to default profiles: default
2023-08-07 18:08:08 [main] INFO  o.s.cloud.context.scope.GenericScope - BeanFactory id=2a519873-3bf9-3410-9240-bed5bf7485b8
2023-08-07 18:08:08 [main] INFO  o.s.b.w.e.tomcat.TomcatWebServer - Tomcat initialized with port(s): 8888 (http)
2023-08-07 18:08:08 [main] INFO  o.a.coyote.http11.Http11NioProtocol - Initializing ProtocolHandler ["http-nio-8888"]
2023-08-07 18:08:08 [main] INFO  o.a.catalina.core.StandardService - Starting service [Tomcat]
2023-08-07 18:08:08 [main] INFO  o.a.catalina.core.StandardEngine - Starting Servlet engine: [Apache Tomcat/9.0.38]
2023-08-07 18:08:08 [main] INFO  o.a.c.c.C.[Tomcat].[localhost].[/] - Initializing Spring embedded WebApplicationContext
2023-08-07 18:08:08 [main] INFO  o.s.b.w.s.c.ServletWebServerApplicationContext - Root WebApplicationContext: initialization completed in 508 ms
2023-08-07 18:08:08 [main] INFO  o.s.s.c.ThreadPoolTaskExecutor - Initializing ExecutorService 'applicationTaskExecutor'
2023-08-07 18:08:10 [main] INFO  o.s.s.web.DefaultSecurityFilterChain - Creating filter chain: Ant [pattern='/actuator/**'], []
2023-08-07 18:08:10 [main] INFO  o.s.s.web.DefaultSecurityFilterChain - Creating filter chain: Ant [pattern='/encrypt/**'], []
2023-08-07 18:08:10 [main] INFO  o.s.s.web.DefaultSecurityFilterChain - Creating filter chain: Ant [pattern='/decrypt/**'], []
2023-08-07 18:08:10 [main] INFO  o.s.s.web.DefaultSecurityFilterChain - Creating filter chain: any request, [org.springframework.security.web.context.request.async.WebAsyncManagerIntegrationFilter@3006bfb, org.springframework.security.web.context.SecurityContextPersistenceFilter@4ec427, org.springframework.security.web.header.HeaderWriterFilter@342723a3, org.springframework.security.web.csrf.CsrfFilter@6fc0e448, org.springframework.security.web.authentication.logout.LogoutFilter@58ebee9, org.springframework.security.web.authentication.UsernamePasswordAuthenticationFilter@59e0d521, org.springframework.security.web.authentication.ui.DefaultLoginPageGeneratingFilter@b808af5, org.springframework.security.web.authentication.ui.DefaultLogoutPageGeneratingFilter@4fd37449, org.springframework.security.web.authentication.www.BasicAuthenticationFilter@5bb99d1d, org.springframework.security.web.savedrequest.RequestCacheAwareFilter@fde487b, org.springframework.security.web.servletapi.SecurityContextHolderAwareRequestFilter@26270b77, org.springframework.security.web.authentication.AnonymousAuthenticationFilter@5402612e, org.springframework.security.web.session.SessionManagementFilter@6b751cb1, org.springframework.security.web.access.ExceptionTranslationFilter@30fa8a6b, org.springframework.security.web.access.intercept.FilterSecurityInterceptor@1be3f8f8]
2023-08-07 18:08:10 [main] INFO  o.s.b.a.e.web.EndpointLinksResolver - Exposing 2 endpoint(s) beneath base path '/actuator'
2023-08-07 18:08:10 [main] INFO  o.a.coyote.http11.Http11NioProtocol - Starting ProtocolHandler ["http-nio-8888"]
2023-08-07 18:08:10 [main] INFO  o.s.b.w.e.tomcat.TomcatWebServer - Tomcat started on port(s): 8888 (http) with context path ''
2023-08-07 18:08:10 [main] INFO  c.g.m.d.config.server.ConfigServer - Started ConfigServer in 2.963 seconds (JVM running for 3.194)
2023-08-07 18:08:38 [http-nio-8888-exec-1] INFO  o.a.c.c.C.[Tomcat].[localhost].[/] - Initializing Spring DispatcherServlet 'dispatcherServlet'
2023-08-07 18:08:38 [http-nio-8888-exec-1] INFO  o.s.web.servlet.DispatcherServlet - Initializing Servlet 'dispatcherServlet'
2023-08-07 18:08:38 [http-nio-8888-exec-1] INFO  o.s.web.servlet.DispatcherServlet - Completed initialization in 4 ms
2023-08-07 18:08:52 [SpringContextShutdownHook] INFO  o.s.s.c.ThreadPoolTaskExecutor - Shutting down ExecutorService 'applicationTaskExecutor'
