2023-09-07 11:19:56 [main] INFO  o.s.c.c.c.ConfigServicePropertySourceLocator - Fetching config from server at : http://config-server:8888
2023-09-07 11:19:59 [main] INFO  o.s.c.c.c.ConfigServicePropertySourceLocator - Located environment: name=twitter-to-kafka-service,config-client, profiles=[twitter_to_kafka], label=null, version=83ce3497665c195d6ff5c84b260454944f628786, state=null
2023-09-07 11:19:59 [main] INFO  o.s.c.b.c.PropertySourceBootstrapConfiguration - Located property source: [BootstrapPropertySource {name='bootstrapProperties-configClient'}, BootstrapPropertySource {name='bootstrapProperties-https://github.com/gride29/spring-cloud-config-server-repository/config-client-twitter_to_kafka.yml'}, BootstrapPropertySource {name='bootstrapProperties-https://github.com/gride29/spring-cloud-config-server-repository/config-client.yml'}]
2023-09-07 11:20:00 [main] INFO  c.g.m.d.t.t.k.s.TwitterToKafkaServiceApplication - The following profiles are active: twitter_to_kafka
2023-09-07 11:20:04 [main] INFO  o.s.cloud.context.scope.GenericScope - BeanFactory id=0e05a4c2-1928-3f29-bf01-e539818ef82c
2023-09-07 11:20:05 [main] INFO  o.s.c.s.PostProcessorRegistrationDelegate$BeanPostProcessorChecker - Bean 'org.springframework.retry.annotation.RetryConfiguration' of type [org.springframework.retry.annotation.RetryConfiguration$$EnhancerBySpringCGLIB$$eb127d9c] is not eligible for getting processed by all BeanPostProcessors (for example: not eligible for auto-proxying)
2023-09-07 11:20:07 [main] INFO  o.a.k.c.admin.AdminClientConfig - AdminClientConfig values: 
	bootstrap.servers = [kafka-broker-1:9092, kafka-broker-2:9092, kafka-broker-3:9092]
	client.dns.lookup = default
	client.id = 
	connections.max.idle.ms = 300000
	default.api.timeout.ms = 60000
	metadata.max.age.ms = 300000
	metric.reporters = []
	metrics.num.samples = 2
	metrics.recording.level = INFO
	metrics.sample.window.ms = 30000
	receive.buffer.bytes = 65536
	reconnect.backoff.max.ms = 1000
	reconnect.backoff.ms = 50
	request.timeout.ms = 30000
	retries = 2147483647
	retry.backoff.ms = 100
	sasl.client.callback.handler.class = null
	sasl.jaas.config = null
	sasl.kerberos.kinit.cmd = /usr/bin/kinit
	sasl.kerberos.min.time.before.relogin = 60000
	sasl.kerberos.service.name = null
	sasl.kerberos.ticket.renew.jitter = 0.05
	sasl.kerberos.ticket.renew.window.factor = 0.8
	sasl.login.callback.handler.class = null
	sasl.login.class = null
	sasl.login.refresh.buffer.seconds = 300
	sasl.login.refresh.min.period.seconds = 60
	sasl.login.refresh.window.factor = 0.8
	sasl.login.refresh.window.jitter = 0.05
	sasl.mechanism = GSSAPI
	security.protocol = PLAINTEXT
	security.providers = null
	send.buffer.bytes = 131072
	ssl.cipher.suites = null
	ssl.enabled.protocols = [TLSv1.2]
	ssl.endpoint.identification.algorithm = https
	ssl.key.password = null
	ssl.keymanager.algorithm = SunX509
	ssl.keystore.location = null
	ssl.keystore.password = null
	ssl.keystore.type = JKS
	ssl.protocol = TLSv1.2
	ssl.provider = null
	ssl.secure.random.implementation = null
	ssl.trustmanager.algorithm = PKIX
	ssl.truststore.location = null
	ssl.truststore.password = null
	ssl.truststore.type = JKS

2023-09-07 11:20:08 [main] INFO  o.a.kafka.common.utils.AppInfoParser - Kafka version: 2.5.1
2023-09-07 11:20:08 [main] INFO  o.a.kafka.common.utils.AppInfoParser - Kafka commitId: 0efa8fb0f4c73d92
2023-09-07 11:20:08 [main] INFO  o.a.kafka.common.utils.AppInfoParser - Kafka startTimeMs: 1694085608060
2023-09-07 11:20:11 [main] INFO  o.s.b.a.s.r.ReactiveUserDetailsServiceAutoConfiguration - 

Using generated security password: f73bfca7-3a81-4615-ad59-35fb76d2cc3a

2023-09-07 11:20:14 [main] INFO  o.s.b.w.e.netty.NettyWebServer - Netty started on port(s): 8181
2023-09-07 11:20:14 [main] INFO  c.g.m.d.t.t.k.s.TwitterToKafkaServiceApplication - Started TwitterToKafkaServiceApplication in 26.753 seconds (JVM running for 32.464)
2023-09-07 11:20:14 [main] INFO  c.g.m.d.t.t.k.s.TwitterToKafkaServiceApplication - App starts...
2023-09-07 11:20:14 [main] INFO  c.g.m.d.k.a.client.KafkaAdminClient - Creating 1 topics(s), attempt 0
2023-09-07 11:20:14 [main] INFO  c.g.m.d.k.a.client.KafkaAdminClient - Create topic result [KafkaFuture{value=null,exception=null,done=false}]
2023-09-07 11:20:14 [main] INFO  c.g.m.d.k.a.client.KafkaAdminClient - Reading kafka topic [twitter-topic], attempt 0
2023-09-07 11:23:06 [main] INFO  o.s.c.c.c.ConfigServicePropertySourceLocator - Fetching config from server at : http://config-server:8888
2023-09-07 11:23:09 [main] INFO  o.s.c.c.c.ConfigServicePropertySourceLocator - Located environment: name=twitter-to-kafka-service,config-client, profiles=[twitter_to_kafka], label=null, version=83ce3497665c195d6ff5c84b260454944f628786, state=null
2023-09-07 11:23:09 [main] INFO  o.s.c.b.c.PropertySourceBootstrapConfiguration - Located property source: [BootstrapPropertySource {name='bootstrapProperties-configClient'}, BootstrapPropertySource {name='bootstrapProperties-https://github.com/gride29/spring-cloud-config-server-repository/config-client-twitter_to_kafka.yml'}, BootstrapPropertySource {name='bootstrapProperties-https://github.com/gride29/spring-cloud-config-server-repository/config-client.yml'}]
2023-09-07 11:23:09 [main] INFO  c.g.m.d.t.t.k.s.TwitterToKafkaServiceApplication - The following profiles are active: twitter_to_kafka
2023-09-07 11:23:14 [main] INFO  o.s.cloud.context.scope.GenericScope - BeanFactory id=0e05a4c2-1928-3f29-bf01-e539818ef82c
2023-09-07 11:23:14 [main] INFO  o.s.c.s.PostProcessorRegistrationDelegate$BeanPostProcessorChecker - Bean 'org.springframework.retry.annotation.RetryConfiguration' of type [org.springframework.retry.annotation.RetryConfiguration$$EnhancerBySpringCGLIB$$eb127d9c] is not eligible for getting processed by all BeanPostProcessors (for example: not eligible for auto-proxying)
2023-09-07 11:23:16 [main] INFO  o.a.k.c.admin.AdminClientConfig - AdminClientConfig values: 
	bootstrap.servers = [kafka-broker-1:9092, kafka-broker-2:9092, kafka-broker-3:9092]
	client.dns.lookup = default
	client.id = 
	connections.max.idle.ms = 300000
	default.api.timeout.ms = 60000
	metadata.max.age.ms = 300000
	metric.reporters = []
	metrics.num.samples = 2
	metrics.recording.level = INFO
	metrics.sample.window.ms = 30000
	receive.buffer.bytes = 65536
	reconnect.backoff.max.ms = 1000
	reconnect.backoff.ms = 50
	request.timeout.ms = 30000
	retries = 2147483647
	retry.backoff.ms = 100
	sasl.client.callback.handler.class = null
	sasl.jaas.config = null
	sasl.kerberos.kinit.cmd = /usr/bin/kinit
	sasl.kerberos.min.time.before.relogin = 60000
	sasl.kerberos.service.name = null
	sasl.kerberos.ticket.renew.jitter = 0.05
	sasl.kerberos.ticket.renew.window.factor = 0.8
	sasl.login.callback.handler.class = null
	sasl.login.class = null
	sasl.login.refresh.buffer.seconds = 300
	sasl.login.refresh.min.period.seconds = 60
	sasl.login.refresh.window.factor = 0.8
	sasl.login.refresh.window.jitter = 0.05
	sasl.mechanism = GSSAPI
	security.protocol = PLAINTEXT
	security.providers = null
	send.buffer.bytes = 131072
	ssl.cipher.suites = null
	ssl.enabled.protocols = [TLSv1.2]
	ssl.endpoint.identification.algorithm = https
	ssl.key.password = null
	ssl.keymanager.algorithm = SunX509
	ssl.keystore.location = null
	ssl.keystore.password = null
	ssl.keystore.type = JKS
	ssl.protocol = TLSv1.2
	ssl.provider = null
	ssl.secure.random.implementation = null
	ssl.trustmanager.algorithm = PKIX
	ssl.truststore.location = null
	ssl.truststore.password = null
	ssl.truststore.type = JKS

2023-09-07 11:23:17 [main] INFO  o.a.kafka.common.utils.AppInfoParser - Kafka version: 2.5.1
2023-09-07 11:23:17 [main] INFO  o.a.kafka.common.utils.AppInfoParser - Kafka commitId: 0efa8fb0f4c73d92
2023-09-07 11:23:17 [main] INFO  o.a.kafka.common.utils.AppInfoParser - Kafka startTimeMs: 1694085797226
2023-09-07 11:23:20 [main] INFO  o.s.b.a.s.r.ReactiveUserDetailsServiceAutoConfiguration - 

Using generated security password: b1188a4e-df3a-4079-869f-1d54a3567b0a

2023-09-07 11:23:23 [main] INFO  o.s.b.w.e.netty.NettyWebServer - Netty started on port(s): 8181
2023-09-07 11:23:23 [main] INFO  c.g.m.d.t.t.k.s.TwitterToKafkaServiceApplication - Started TwitterToKafkaServiceApplication in 24.291 seconds (JVM running for 28.283)
2023-09-07 11:23:23 [main] INFO  c.g.m.d.t.t.k.s.TwitterToKafkaServiceApplication - App starts...
2023-09-07 11:23:23 [main] INFO  c.g.m.d.k.a.client.KafkaAdminClient - Creating 1 topics(s), attempt 0
2023-09-07 11:23:23 [main] INFO  c.g.m.d.k.a.client.KafkaAdminClient - Create topic result [KafkaFuture{value=null,exception=null,done=false}]
2023-09-07 11:23:23 [main] INFO  c.g.m.d.k.a.client.KafkaAdminClient - Reading kafka topic [twitter-topic], attempt 0
2023-09-07 11:23:25 [main] INFO  c.g.m.d.k.a.client.KafkaAdminClient - Reading kafka topic [twitter-topic], attempt 0
2023-09-07 11:23:27 [main] INFO  c.g.m.d.t.t.k.s.i.i.KafkaStreamInitializer - Topics with name twitter-topic is ready for operations
2023-09-07 11:23:27 [main] INFO  c.g.m.d.t.t.k.s.r.i.MockKafkaStreamRunner - Starting mock filtering twitter streams for keywords [Java, Microservices, Kafka, Elasticsearch]
2023-09-07 11:23:28 [pool-3-thread-1] INFO  c.g.m.d.t.t.k.s.l.TwitterKafkaStatusListener - Received status text posuere sit Fusce congue consectetuer lectus Microservices malesuada consectetuer amet consectetuer sending to kafka topic twitter-topic
2023-09-07 11:23:28 [pool-3-thread-1] INFO  c.g.m.d.k.p.c.s.i.TwitterKafkaProducer - Sending message='{"userId": 386675735770465224, "id": 7633055336446809271, "text": "posuere sit Fusce congue consectetuer lectus Microservices malesuada consectetuer amet consectetuer", "createdAt": 1694085807000}' to topic='twitter-topic'
2023-09-07 11:23:28 [pool-3-thread-1] INFO  o.a.k.c.producer.ProducerConfig - ProducerConfig values: 
	acks = -1
	batch.size = 1638400
	bootstrap.servers = [kafka-broker-1:9092, kafka-broker-2:9092, kafka-broker-3:9092]
	buffer.memory = 33554432
	client.dns.lookup = default
	client.id = producer-1
	compression.type = snappy
	connections.max.idle.ms = 540000
	delivery.timeout.ms = 120000
	enable.idempotence = false
	interceptor.classes = []
	key.serializer = class org.apache.kafka.common.serialization.LongSerializer
	linger.ms = 5
	max.block.ms = 60000
	max.in.flight.requests.per.connection = 5
	max.request.size = 1048576
	metadata.max.age.ms = 300000
	metadata.max.idle.ms = 300000
	metric.reporters = []
	metrics.num.samples = 2
	metrics.recording.level = INFO
	metrics.sample.window.ms = 30000
	partitioner.class = class org.apache.kafka.clients.producer.internals.DefaultPartitioner
	receive.buffer.bytes = 32768
	reconnect.backoff.max.ms = 1000
	reconnect.backoff.ms = 50
	request.timeout.ms = 60000
	retries = 5
	retry.backoff.ms = 100
	sasl.client.callback.handler.class = null
	sasl.jaas.config = null
	sasl.kerberos.kinit.cmd = /usr/bin/kinit
	sasl.kerberos.min.time.before.relogin = 60000
	sasl.kerberos.service.name = null
	sasl.kerberos.ticket.renew.jitter = 0.05
	sasl.kerberos.ticket.renew.window.factor = 0.8
	sasl.login.callback.handler.class = null
	sasl.login.class = null
	sasl.login.refresh.buffer.seconds = 300
	sasl.login.refresh.min.period.seconds = 60
	sasl.login.refresh.window.factor = 0.8
	sasl.login.refresh.window.jitter = 0.05
	sasl.mechanism = GSSAPI
	security.protocol = PLAINTEXT
	security.providers = null
	send.buffer.bytes = 131072
	ssl.cipher.suites = null
	ssl.enabled.protocols = [TLSv1.2]
	ssl.endpoint.identification.algorithm = https
	ssl.key.password = null
	ssl.keymanager.algorithm = SunX509
	ssl.keystore.location = null
	ssl.keystore.password = null
	ssl.keystore.type = JKS
	ssl.protocol = TLSv1.2
	ssl.provider = null
	ssl.secure.random.implementation = null
	ssl.trustmanager.algorithm = PKIX
	ssl.truststore.location = null
	ssl.truststore.password = null
	ssl.truststore.type = JKS
	transaction.timeout.ms = 60000
	transactional.id = null
	value.serializer = class io.confluent.kafka.serializers.KafkaAvroSerializer

2023-09-07 11:23:28 [pool-3-thread-1] INFO  i.c.k.s.KafkaAvroSerializerConfig - KafkaAvroSerializerConfig values: 
	bearer.auth.token = [hidden]
	proxy.port = -1
	schema.reflection = false
	auto.register.schemas = true
	max.schemas.per.subject = 1000
	basic.auth.credentials.source = URL
	value.subject.name.strategy = class io.confluent.kafka.serializers.subject.TopicNameStrategy
	schema.registry.url = [http://schema-registry:8081]
	basic.auth.user.info = [hidden]
	proxy.host = 
	use.latest.version = false
	schema.registry.basic.auth.user.info = [hidden]
	bearer.auth.credentials.source = STATIC_TOKEN
	key.subject.name.strategy = class io.confluent.kafka.serializers.subject.TopicNameStrategy

2023-09-07 11:23:28 [pool-3-thread-1] WARN  o.a.k.c.producer.ProducerConfig - The configuration 'internal.auto.downgrade.txn.commit' was supplied but isn't a known config.
2023-09-07 11:23:28 [pool-3-thread-1] INFO  o.a.kafka.common.utils.AppInfoParser - Kafka version: 2.5.1
2023-09-07 11:23:28 [pool-3-thread-1] INFO  o.a.kafka.common.utils.AppInfoParser - Kafka commitId: 0efa8fb0f4c73d92
2023-09-07 11:23:28 [pool-3-thread-1] INFO  o.a.kafka.common.utils.AppInfoParser - Kafka startTimeMs: 1694085808831
2023-09-07 11:23:28 [kafka-producer-network-thread | producer-1] INFO  org.apache.kafka.clients.Metadata - [Producer clientId=producer-1] Cluster ID: dLTxeZdcRQaUjNRlia7UvA
2023-09-07 11:23:41 [pool-3-thread-1] INFO  c.g.m.d.t.t.k.s.l.TwitterKafkaStatusListener - Received status text ipsum Fusce Fusce elit Java purus posuere sending to kafka topic twitter-topic
2023-09-07 11:23:41 [pool-3-thread-1] INFO  c.g.m.d.k.p.c.s.i.TwitterKafkaProducer - Sending message='{"userId": 617192473961153026, "id": 4517001747214256108, "text": "ipsum Fusce Fusce elit Java purus posuere", "createdAt": 1694085821000}' to topic='twitter-topic'
2023-09-07 11:23:51 [pool-3-thread-1] INFO  c.g.m.d.t.t.k.s.l.TwitterKafkaStatusListener - Received status text sed Maecenas amet consectetuer posuere Lorem adipiscing Java adipiscing adipiscing elit magna Maecenas sending to kafka topic twitter-topic
2023-09-07 11:23:51 [pool-3-thread-1] INFO  c.g.m.d.k.p.c.s.i.TwitterKafkaProducer - Sending message='{"userId": 1623429967293246973, "id": 7072444294027932073, "text": "sed Maecenas amet consectetuer posuere Lorem adipiscing Java adipiscing adipiscing elit magna Maecenas", "createdAt": 1694085831000}' to topic='twitter-topic'
2023-09-07 11:24:01 [pool-3-thread-1] INFO  c.g.m.d.t.t.k.s.l.TwitterKafkaStatusListener - Received status text sit purus massa libero malesuada posuere massa dolor Microservices libero adipiscing elit sit massa posuere dolor sending to kafka topic twitter-topic
2023-09-07 11:24:01 [pool-3-thread-1] INFO  c.g.m.d.k.p.c.s.i.TwitterKafkaProducer - Sending message='{"userId": 6282938394093586204, "id": 2798095130182669588, "text": "sit purus massa libero malesuada posuere massa dolor Microservices libero adipiscing elit sit massa posuere dolor", "createdAt": 1694085841000}' to topic='twitter-topic'
2023-09-07 11:24:11 [pool-3-thread-1] INFO  c.g.m.d.t.t.k.s.l.TwitterKafkaStatusListener - Received status text amet Maecenas consectetuer Kafka consectetuer purus sending to kafka topic twitter-topic
2023-09-07 11:24:11 [pool-3-thread-1] INFO  c.g.m.d.k.p.c.s.i.TwitterKafkaProducer - Sending message='{"userId": 1571247198837407248, "id": 2901561309962313206, "text": "amet Maecenas consectetuer Kafka consectetuer purus", "createdAt": 1694085851000}' to topic='twitter-topic'
2023-09-07 11:24:22 [pool-3-thread-1] INFO  c.g.m.d.t.t.k.s.l.TwitterKafkaStatusListener - Received status text adipiscing amet Fusce malesuada ipsum congue Java consectetuer massa congue porttitor massa sending to kafka topic twitter-topic
2023-09-07 11:24:22 [pool-3-thread-1] INFO  c.g.m.d.k.p.c.s.i.TwitterKafkaProducer - Sending message='{"userId": 8809593171089343744, "id": 4706171031167419920, "text": "adipiscing amet Fusce malesuada ipsum congue Java consectetuer massa congue porttitor massa", "createdAt": 1694085862000}' to topic='twitter-topic'
2023-09-07 11:24:32 [pool-3-thread-1] INFO  c.g.m.d.t.t.k.s.l.TwitterKafkaStatusListener - Received status text consectetuer Lorem porttitor pulvinar massa Kafka sed sit amet sit sending to kafka topic twitter-topic
2023-09-07 11:24:32 [pool-3-thread-1] INFO  c.g.m.d.k.p.c.s.i.TwitterKafkaProducer - Sending message='{"userId": 6816277803567946964, "id": 5826329496635728922, "text": "consectetuer Lorem porttitor pulvinar massa Kafka sed sit amet sit", "createdAt": 1694085872000}' to topic='twitter-topic'
2023-09-07 11:24:42 [pool-3-thread-1] INFO  c.g.m.d.t.t.k.s.l.TwitterKafkaStatusListener - Received status text pulvinar congue massa sit libero dolor elit massa Elasticsearch Fusce consectetuer posuere purus malesuada Maecenas sit sending to kafka topic twitter-topic
2023-09-07 11:24:42 [pool-3-thread-1] INFO  c.g.m.d.k.p.c.s.i.TwitterKafkaProducer - Sending message='{"userId": 6694867007782846506, "id": 7761864449367696542, "text": "pulvinar congue massa sit libero dolor elit massa Elasticsearch Fusce consectetuer posuere purus malesuada Maecenas sit", "createdAt": 1694085882000}' to topic='twitter-topic'
2023-09-07 11:24:52 [pool-3-thread-1] INFO  c.g.m.d.t.t.k.s.l.TwitterKafkaStatusListener - Received status text sed magna ultricies congue malesuada amet consectetuer Kafka porttitor sed elit congue ultricies sending to kafka topic twitter-topic
2023-09-07 11:24:52 [pool-3-thread-1] INFO  c.g.m.d.k.p.c.s.i.TwitterKafkaProducer - Sending message='{"userId": 6234325664482272187, "id": 7691235776536357598, "text": "sed magna ultricies congue malesuada amet consectetuer Kafka porttitor sed elit congue ultricies", "createdAt": 1694085892000}' to topic='twitter-topic'
2023-09-07 11:25:02 [pool-3-thread-1] INFO  c.g.m.d.t.t.k.s.l.TwitterKafkaStatusListener - Received status text sit malesuada Maecenas Lorem purus porttitor massa malesuada Elasticsearch Maecenas elit Fusce congue Lorem massa sending to kafka topic twitter-topic
2023-09-07 11:25:02 [pool-3-thread-1] INFO  c.g.m.d.k.p.c.s.i.TwitterKafkaProducer - Sending message='{"userId": 8405069215369645035, "id": 5860938769351992598, "text": "sit malesuada Maecenas Lorem purus porttitor massa malesuada Elasticsearch Maecenas elit Fusce congue Lorem massa", "createdAt": 1694085902000}' to topic='twitter-topic'
2023-09-07 11:25:12 [pool-3-thread-1] INFO  c.g.m.d.t.t.k.s.l.TwitterKafkaStatusListener - Received status text congue Maecenas congue lectus Microservices congue sit sending to kafka topic twitter-topic
2023-09-07 11:25:12 [pool-3-thread-1] INFO  c.g.m.d.k.p.c.s.i.TwitterKafkaProducer - Sending message='{"userId": 7421660472650804797, "id": 8619802935449882776, "text": "congue Maecenas congue lectus Microservices congue sit", "createdAt": 1694085912000}' to topic='twitter-topic'
2023-09-07 11:25:22 [pool-3-thread-1] INFO  c.g.m.d.t.t.k.s.l.TwitterKafkaStatusListener - Received status text Maecenas Maecenas elit adipiscing pulvinar congue Kafka congue sed ultricies libero purus sending to kafka topic twitter-topic
2023-09-07 11:25:22 [pool-3-thread-1] INFO  c.g.m.d.k.p.c.s.i.TwitterKafkaProducer - Sending message='{"userId": 2501953979580915537, "id": 6031083047347073289, "text": "Maecenas Maecenas elit adipiscing pulvinar congue Kafka congue sed ultricies libero purus", "createdAt": 1694085922000}' to topic='twitter-topic'
2023-09-07 11:25:32 [pool-3-thread-1] INFO  c.g.m.d.t.t.k.s.l.TwitterKafkaStatusListener - Received status text lectus congue sed elit consectetuer sit Java adipiscing sit pulvinar ultricies sending to kafka topic twitter-topic
2023-09-07 11:25:32 [pool-3-thread-1] INFO  c.g.m.d.k.p.c.s.i.TwitterKafkaProducer - Sending message='{"userId": 9127779050744211736, "id": 1772641682568955896, "text": "lectus congue sed elit consectetuer sit Java adipiscing sit pulvinar ultricies", "createdAt": 1694085932000}' to topic='twitter-topic'
2023-09-07 11:25:42 [pool-3-thread-1] INFO  c.g.m.d.t.t.k.s.l.TwitterKafkaStatusListener - Received status text sed massa ultricies porttitor magna Elasticsearch posuere massa Fusce sending to kafka topic twitter-topic
2023-09-07 11:25:42 [pool-3-thread-1] INFO  c.g.m.d.k.p.c.s.i.TwitterKafkaProducer - Sending message='{"userId": 7997063920513722498, "id": 6311726604628023482, "text": "sed massa ultricies porttitor magna Elasticsearch posuere massa Fusce", "createdAt": 1694085942000}' to topic='twitter-topic'
2023-09-07 11:25:52 [pool-3-thread-1] INFO  c.g.m.d.t.t.k.s.l.TwitterKafkaStatusListener - Received status text lectus Lorem ultricies amet Maecenas libero Microservices Lorem Fusce sit pulvinar sending to kafka topic twitter-topic
2023-09-07 11:25:52 [pool-3-thread-1] INFO  c.g.m.d.k.p.c.s.i.TwitterKafkaProducer - Sending message='{"userId": 682169521557357310, "id": 5450528159024681518, "text": "lectus Lorem ultricies amet Maecenas libero Microservices Lorem Fusce sit pulvinar", "createdAt": 1694085952000}' to topic='twitter-topic'
2023-09-07 11:26:02 [pool-3-thread-1] INFO  c.g.m.d.t.t.k.s.l.TwitterKafkaStatusListener - Received status text lectus Fusce congue amet consectetuer posuere Elasticsearch pulvinar Maecenas massa porttitor posuere sending to kafka topic twitter-topic
2023-09-07 11:26:02 [pool-3-thread-1] INFO  c.g.m.d.k.p.c.s.i.TwitterKafkaProducer - Sending message='{"userId": 6922981236713802147, "id": 9039052803221824287, "text": "lectus Fusce congue amet consectetuer posuere Elasticsearch pulvinar Maecenas massa porttitor posuere", "createdAt": 1694085962000}' to topic='twitter-topic'
2023-09-07 11:26:12 [pool-3-thread-1] INFO  c.g.m.d.t.t.k.s.l.TwitterKafkaStatusListener - Received status text Maecenas libero Lorem dolor elit porttitor massa adipiscing Kafka elit posuere malesuada purus purus ipsum consectetuer sending to kafka topic twitter-topic
2023-09-07 11:26:12 [pool-3-thread-1] INFO  c.g.m.d.k.p.c.s.i.TwitterKafkaProducer - Sending message='{"userId": 920790639695380648, "id": 2149650099707536181, "text": "Maecenas libero Lorem dolor elit porttitor massa adipiscing Kafka elit posuere malesuada purus purus ipsum consectetuer", "createdAt": 1694085972000}' to topic='twitter-topic'
