2023-08-18 10:04:17 [background-preinit] INFO  o.h.validator.internal.util.Version - HV000001: Hibernate Validator 6.1.5.Final
2023-08-18 10:04:35 [main] INFO  c.g.m.d.config.server.ConfigServer - No active profile set, falling back to default profiles: default
2023-08-18 10:04:48 [main] INFO  o.s.cloud.context.scope.GenericScope - BeanFactory id=2a519873-3bf9-3410-9240-bed5bf7485b8
2023-08-18 10:04:50 [main] INFO  o.s.b.w.e.tomcat.TomcatWebServer - Tomcat initialized with port(s): 8888 (http)
2023-08-18 10:04:50 [main] INFO  o.a.coyote.http11.Http11NioProtocol - Initializing ProtocolHandler ["http-nio-8888"]
2023-08-18 10:04:50 [main] INFO  o.a.catalina.core.StandardService - Starting service [Tomcat]
2023-08-18 10:04:50 [main] INFO  o.a.catalina.core.StandardEngine - Starting Servlet engine: [Apache Tomcat/9.0.38]
2023-08-18 10:04:51 [main] INFO  o.a.c.c.C.[Tomcat].[localhost].[/] - Initializing Spring embedded WebApplicationContext
2023-08-18 10:04:51 [main] INFO  o.s.b.w.s.c.ServletWebServerApplicationContext - Root WebApplicationContext: initialization completed in 15240 ms
2023-08-18 10:04:59 [main] INFO  o.s.s.c.ThreadPoolTaskExecutor - Initializing ExecutorService 'applicationTaskExecutor'
2023-08-18 10:05:22 [main] INFO  o.s.s.web.DefaultSecurityFilterChain - Creating filter chain: Ant [pattern='/actuator/**'], []
2023-08-18 10:05:22 [main] INFO  o.s.s.web.DefaultSecurityFilterChain - Creating filter chain: Ant [pattern='/encrypt/**'], []
2023-08-18 10:05:22 [main] INFO  o.s.s.web.DefaultSecurityFilterChain - Creating filter chain: Ant [pattern='/decrypt/**'], []
2023-08-18 10:05:22 [main] INFO  o.s.s.web.DefaultSecurityFilterChain - Creating filter chain: any request, [org.springframework.security.web.context.request.async.WebAsyncManagerIntegrationFilter@5788722f, org.springframework.security.web.context.SecurityContextPersistenceFilter@336d28a1, org.springframework.security.web.header.HeaderWriterFilter@4491eaeb, org.springframework.security.web.csrf.CsrfFilter@6906be0f, org.springframework.security.web.authentication.logout.LogoutFilter@1d622556, org.springframework.security.web.authentication.UsernamePasswordAuthenticationFilter@1f68e4e8, org.springframework.security.web.authentication.ui.DefaultLoginPageGeneratingFilter@192f5f39, org.springframework.security.web.authentication.ui.DefaultLogoutPageGeneratingFilter@7a730479, org.springframework.security.web.authentication.www.BasicAuthenticationFilter@39b85a73, org.springframework.security.web.savedrequest.RequestCacheAwareFilter@42e202d7, org.springframework.security.web.servletapi.SecurityContextHolderAwareRequestFilter@38e46765, org.springframework.security.web.authentication.AnonymousAuthenticationFilter@1e5b33e5, org.springframework.security.web.session.SessionManagementFilter@5f3ddc86, org.springframework.security.web.access.ExceptionTranslationFilter@714bffd5, org.springframework.security.web.access.intercept.FilterSecurityInterceptor@56299b0e]
2023-08-18 10:05:23 [main] INFO  o.s.b.a.e.web.EndpointLinksResolver - Exposing 2 endpoint(s) beneath base path '/actuator'
2023-08-18 10:05:23 [main] INFO  o.a.coyote.http11.Http11NioProtocol - Starting ProtocolHandler ["http-nio-8888"]
2023-08-18 10:05:24 [main] INFO  o.s.b.w.e.tomcat.TomcatWebServer - Tomcat started on port(s): 8888 (http) with context path ''
2023-08-18 10:05:25 [main] INFO  c.g.m.d.config.server.ConfigServer - Started ConfigServer in 75.64 seconds (JVM running for 87.586)
2023-08-18 10:05:26 [http-nio-8888-exec-1] INFO  o.a.c.c.C.[Tomcat].[localhost].[/] - Initializing Spring DispatcherServlet 'dispatcherServlet'
2023-08-18 10:05:26 [http-nio-8888-exec-1] INFO  o.s.web.servlet.DispatcherServlet - Initializing Servlet 'dispatcherServlet'
2023-08-18 10:05:26 [http-nio-8888-exec-1] INFO  o.s.web.servlet.DispatcherServlet - Completed initialization in 35 ms
2023-08-18 10:05:43 [http-nio-8888-exec-2] INFO  o.s.c.c.s.e.NativeEnvironmentRepository - Adding property source: file:/tmp/config-repo-3487628326570572379/config-client-twitter_to_kafka.yml
2023-08-18 10:05:43 [http-nio-8888-exec-2] INFO  o.s.c.c.s.e.NativeEnvironmentRepository - Adding property source: file:/tmp/config-repo-3487628326570572379/config-client.yml
2023-08-18 10:06:42 [http-nio-8888-exec-10] INFO  o.s.c.c.s.e.NativeEnvironmentRepository - Adding property source: file:/tmp/config-repo-3487628326570572379/config-client-kafka_to_elastic.yml
2023-08-18 10:06:42 [http-nio-8888-exec-10] INFO  o.s.c.c.s.e.NativeEnvironmentRepository - Adding property source: file:/tmp/config-repo-3487628326570572379/config-client.yml
2023-08-18 10:12:44 [http-nio-8888-exec-2] INFO  o.s.c.c.s.e.NativeEnvironmentRepository - Adding property source: file:/tmp/config-repo-3487628326570572379/config-client-kafka_to_elastic.yml
2023-08-18 10:12:44 [http-nio-8888-exec-2] INFO  o.s.c.c.s.e.NativeEnvironmentRepository - Adding property source: file:/tmp/config-repo-3487628326570572379/config-client.yml
2023-08-18 10:19:25 [http-nio-8888-exec-4] INFO  o.s.c.c.s.e.NativeEnvironmentRepository - Adding property source: file:/tmp/config-repo-3487628326570572379/config-client-kafka_to_elastic.yml
2023-08-18 10:19:25 [http-nio-8888-exec-4] INFO  o.s.c.c.s.e.NativeEnvironmentRepository - Adding property source: file:/tmp/config-repo-3487628326570572379/config-client.yml
2023-08-18 10:21:12 [http-nio-8888-exec-6] INFO  o.s.c.c.s.e.NativeEnvironmentRepository - Adding property source: file:/tmp/config-repo-3487628326570572379/config-client-kafka_to_elastic.yml
2023-08-18 10:21:12 [http-nio-8888-exec-6] INFO  o.s.c.c.s.e.NativeEnvironmentRepository - Adding property source: file:/tmp/config-repo-3487628326570572379/config-client.yml
2023-08-18 10:22:17 [SpringContextShutdownHook] INFO  o.s.s.c.ThreadPoolTaskExecutor - Shutting down ExecutorService 'applicationTaskExecutor'
