2023-08-04 17:52:11 [background-preinit] INFO  o.h.validator.internal.util.Version - HV000001: Hibernate Validator 6.1.5.Final
2023-08-04 17:52:30 [main] INFO  c.g.m.d.config.server.ConfigServer - No active profile set, falling back to default profiles: default
2023-08-04 17:52:42 [main] INFO  o.s.cloud.context.scope.GenericScope - BeanFactory id=2a519873-3bf9-3410-9240-bed5bf7485b8
2023-08-04 17:52:45 [main] INFO  o.s.b.w.e.tomcat.TomcatWebServer - Tomcat initialized with port(s): 8888 (http)
2023-08-04 17:52:45 [main] INFO  o.a.coyote.http11.Http11NioProtocol - Initializing ProtocolHandler ["http-nio-8888"]
2023-08-04 17:52:45 [main] INFO  o.a.catalina.core.StandardService - Starting service [Tomcat]
2023-08-04 17:52:45 [main] INFO  o.a.catalina.core.StandardEngine - Starting Servlet engine: [Apache Tomcat/9.0.38]
2023-08-04 17:52:46 [main] INFO  o.a.c.c.C.[Tomcat].[localhost].[/] - Initializing Spring embedded WebApplicationContext
2023-08-04 17:52:46 [main] INFO  o.s.b.w.s.c.ServletWebServerApplicationContext - Root WebApplicationContext: initialization completed in 15270 ms
2023-08-04 17:52:53 [main] INFO  o.s.s.c.ThreadPoolTaskExecutor - Initializing ExecutorService 'applicationTaskExecutor'
2023-08-04 17:53:16 [main] INFO  o.s.s.web.DefaultSecurityFilterChain - Creating filter chain: Ant [pattern='/actuator/**'], []
2023-08-04 17:53:16 [main] INFO  o.s.s.web.DefaultSecurityFilterChain - Creating filter chain: Ant [pattern='/encrypt/**'], []
2023-08-04 17:53:16 [main] INFO  o.s.s.web.DefaultSecurityFilterChain - Creating filter chain: Ant [pattern='/decrypt/**'], []
2023-08-04 17:53:16 [main] INFO  o.s.s.web.DefaultSecurityFilterChain - Creating filter chain: any request, [org.springframework.security.web.context.request.async.WebAsyncManagerIntegrationFilter@287ad0da, org.springframework.security.web.context.SecurityContextPersistenceFilter@5891b7c5, org.springframework.security.web.header.HeaderWriterFilter@62158991, org.springframework.security.web.csrf.CsrfFilter@5310e451, org.springframework.security.web.authentication.logout.LogoutFilter@389008d1, org.springframework.security.web.authentication.UsernamePasswordAuthenticationFilter@1bc6c20d, org.springframework.security.web.authentication.ui.DefaultLoginPageGeneratingFilter@7c8df667, org.springframework.security.web.authentication.ui.DefaultLogoutPageGeneratingFilter@1b19712f, org.springframework.security.web.authentication.www.BasicAuthenticationFilter@6dc9a56e, org.springframework.security.web.savedrequest.RequestCacheAwareFilter@38e46765, org.springframework.security.web.servletapi.SecurityContextHolderAwareRequestFilter@d13379e, org.springframework.security.web.authentication.AnonymousAuthenticationFilter@714c74eb, org.springframework.security.web.session.SessionManagementFilter@1255de25, org.springframework.security.web.access.ExceptionTranslationFilter@42e202d7, org.springframework.security.web.access.intercept.FilterSecurityInterceptor@5604b85]
2023-08-04 17:53:17 [main] INFO  o.s.b.a.e.web.EndpointLinksResolver - Exposing 2 endpoint(s) beneath base path '/actuator'
2023-08-04 17:53:17 [main] INFO  o.a.coyote.http11.Http11NioProtocol - Starting ProtocolHandler ["http-nio-8888"]
2023-08-04 17:53:17 [main] INFO  o.s.b.w.e.tomcat.TomcatWebServer - Tomcat started on port(s): 8888 (http) with context path ''
2023-08-04 17:53:18 [main] INFO  c.g.m.d.config.server.ConfigServer - Started ConfigServer in 73.703 seconds (JVM running for 84.882)
2023-08-04 17:53:18 [http-nio-8888-exec-1] INFO  o.a.c.c.C.[Tomcat].[localhost].[/] - Initializing Spring DispatcherServlet 'dispatcherServlet'
2023-08-04 17:53:18 [http-nio-8888-exec-1] INFO  o.s.web.servlet.DispatcherServlet - Initializing Servlet 'dispatcherServlet'
2023-08-04 17:53:18 [http-nio-8888-exec-1] INFO  o.s.web.servlet.DispatcherServlet - Completed initialization in 110 ms
2023-08-04 17:58:08 [SpringContextShutdownHook] INFO  o.s.s.c.ThreadPoolTaskExecutor - Shutting down ExecutorService 'applicationTaskExecutor'
2023-08-04 18:01:01 [background-preinit] INFO  o.h.validator.internal.util.Version - HV000001: Hibernate Validator 6.1.5.Final
2023-08-04 18:01:17 [main] INFO  c.g.m.d.config.server.ConfigServer - No active profile set, falling back to default profiles: default
2023-08-04 18:01:29 [main] INFO  o.s.cloud.context.scope.GenericScope - BeanFactory id=2a519873-3bf9-3410-9240-bed5bf7485b8
2023-08-04 18:01:32 [main] INFO  o.s.b.w.e.tomcat.TomcatWebServer - Tomcat initialized with port(s): 8888 (http)
2023-08-04 18:01:32 [main] INFO  o.a.coyote.http11.Http11NioProtocol - Initializing ProtocolHandler ["http-nio-8888"]
2023-08-04 18:01:32 [main] INFO  o.a.catalina.core.StandardService - Starting service [Tomcat]
2023-08-04 18:01:32 [main] INFO  o.a.catalina.core.StandardEngine - Starting Servlet engine: [Apache Tomcat/9.0.38]
2023-08-04 18:01:33 [main] INFO  o.a.c.c.C.[Tomcat].[localhost].[/] - Initializing Spring embedded WebApplicationContext
2023-08-04 18:01:33 [main] INFO  o.s.b.w.s.c.ServletWebServerApplicationContext - Root WebApplicationContext: initialization completed in 15105 ms
2023-08-04 18:01:38 [main] INFO  o.s.s.c.ThreadPoolTaskExecutor - Initializing ExecutorService 'applicationTaskExecutor'
2023-08-04 18:02:02 [main] INFO  o.s.s.web.DefaultSecurityFilterChain - Creating filter chain: Ant [pattern='/actuator/**'], []
2023-08-04 18:02:02 [main] INFO  o.s.s.web.DefaultSecurityFilterChain - Creating filter chain: Ant [pattern='/encrypt/**'], []
2023-08-04 18:02:02 [main] INFO  o.s.s.web.DefaultSecurityFilterChain - Creating filter chain: Ant [pattern='/decrypt/**'], []
2023-08-04 18:02:03 [main] INFO  o.s.s.web.DefaultSecurityFilterChain - Creating filter chain: any request, [org.springframework.security.web.context.request.async.WebAsyncManagerIntegrationFilter@39b85a73, org.springframework.security.web.context.SecurityContextPersistenceFilter@78e043e4, org.springframework.security.web.header.HeaderWriterFilter@6ac9b66b, org.springframework.security.web.csrf.CsrfFilter@516c20de, org.springframework.security.web.authentication.logout.LogoutFilter@42b43a6, org.springframework.security.web.authentication.UsernamePasswordAuthenticationFilter@30a01dd8, org.springframework.security.web.authentication.ui.DefaultLoginPageGeneratingFilter@38e46765, org.springframework.security.web.authentication.ui.DefaultLogoutPageGeneratingFilter@5788722f, org.springframework.security.web.authentication.www.BasicAuthenticationFilter@aedc426, org.springframework.security.web.savedrequest.RequestCacheAwareFilter@738a39cc, org.springframework.security.web.servletapi.SecurityContextHolderAwareRequestFilter@4fc3529, org.springframework.security.web.authentication.AnonymousAuthenticationFilter@7a730479, org.springframework.security.web.session.SessionManagementFilter@71262020, org.springframework.security.web.access.ExceptionTranslationFilter@25421809, org.springframework.security.web.access.intercept.FilterSecurityInterceptor@4a890fdd]
2023-08-04 18:02:04 [main] INFO  o.s.b.a.e.web.EndpointLinksResolver - Exposing 2 endpoint(s) beneath base path '/actuator'
2023-08-04 18:02:04 [main] INFO  o.a.coyote.http11.Http11NioProtocol - Starting ProtocolHandler ["http-nio-8888"]
2023-08-04 18:02:04 [main] INFO  o.s.b.w.e.tomcat.TomcatWebServer - Tomcat started on port(s): 8888 (http) with context path ''
2023-08-04 18:02:05 [main] INFO  c.g.m.d.config.server.ConfigServer - Started ConfigServer in 71.54 seconds (JVM running for 83.942)
2023-08-04 18:02:06 [http-nio-8888-exec-1] INFO  o.a.c.c.C.[Tomcat].[localhost].[/] - Initializing Spring DispatcherServlet 'dispatcherServlet'
2023-08-04 18:02:06 [http-nio-8888-exec-1] INFO  o.s.web.servlet.DispatcherServlet - Initializing Servlet 'dispatcherServlet'
2023-08-04 18:02:06 [http-nio-8888-exec-1] INFO  o.s.web.servlet.DispatcherServlet - Completed initialization in 216 ms
2023-08-04 18:03:52 [SpringContextShutdownHook] INFO  o.s.s.c.ThreadPoolTaskExecutor - Shutting down ExecutorService 'applicationTaskExecutor'
