2023-09-04 22:03:08 [background-preinit] INFO  o.h.validator.internal.util.Version - HV000001: Hibernate Validator 6.1.5.Final
2023-09-04 22:03:32 [main] INFO  c.g.m.d.config.server.ConfigServer - No active profile set, falling back to default profiles: default
2023-09-04 22:03:43 [main] INFO  o.s.cloud.context.scope.GenericScope - BeanFactory id=2a519873-3bf9-3410-9240-bed5bf7485b8
2023-09-04 22:03:46 [main] INFO  o.s.b.w.e.tomcat.TomcatWebServer - Tomcat initialized with port(s): 8888 (http)
2023-09-04 22:03:46 [main] INFO  o.a.coyote.http11.Http11NioProtocol - Initializing ProtocolHandler ["http-nio-8888"]
2023-09-04 22:03:46 [main] INFO  o.a.catalina.core.StandardService - Starting service [Tomcat]
2023-09-04 22:03:46 [main] INFO  o.a.catalina.core.StandardEngine - Starting Servlet engine: [Apache Tomcat/9.0.38]
2023-09-04 22:03:47 [main] INFO  o.a.c.c.C.[Tomcat].[localhost].[/] - Initializing Spring embedded WebApplicationContext
2023-09-04 22:03:47 [main] INFO  o.s.b.w.s.c.ServletWebServerApplicationContext - Root WebApplicationContext: initialization completed in 14911 ms
2023-09-04 22:03:53 [main] INFO  o.s.s.c.ThreadPoolTaskExecutor - Initializing ExecutorService 'applicationTaskExecutor'
2023-09-04 22:04:21 [main] INFO  o.s.s.web.DefaultSecurityFilterChain - Creating filter chain: Ant [pattern='/actuator/**'], []
2023-09-04 22:04:21 [main] INFO  o.s.s.web.DefaultSecurityFilterChain - Creating filter chain: Ant [pattern='/encrypt/**'], []
2023-09-04 22:04:21 [main] INFO  o.s.s.web.DefaultSecurityFilterChain - Creating filter chain: Ant [pattern='/decrypt/**'], []
2023-09-04 22:04:21 [main] INFO  o.s.s.web.DefaultSecurityFilterChain - Creating filter chain: any request, [org.springframework.security.web.context.request.async.WebAsyncManagerIntegrationFilter@5788722f, org.springframework.security.web.context.SecurityContextPersistenceFilter@336d28a1, org.springframework.security.web.header.HeaderWriterFilter@4491eaeb, org.springframework.security.web.csrf.CsrfFilter@6906be0f, org.springframework.security.web.authentication.logout.LogoutFilter@1d622556, org.springframework.security.web.authentication.UsernamePasswordAuthenticationFilter@1f68e4e8, org.springframework.security.web.authentication.ui.DefaultLoginPageGeneratingFilter@192f5f39, org.springframework.security.web.authentication.ui.DefaultLogoutPageGeneratingFilter@7a730479, org.springframework.security.web.authentication.www.BasicAuthenticationFilter@39b85a73, org.springframework.security.web.savedrequest.RequestCacheAwareFilter@42e202d7, org.springframework.security.web.servletapi.SecurityContextHolderAwareRequestFilter@38e46765, org.springframework.security.web.authentication.AnonymousAuthenticationFilter@1e5b33e5, org.springframework.security.web.session.SessionManagementFilter@5f3ddc86, org.springframework.security.web.access.ExceptionTranslationFilter@714bffd5, org.springframework.security.web.access.intercept.FilterSecurityInterceptor@56299b0e]
2023-09-04 22:04:22 [main] INFO  o.s.b.a.e.web.EndpointLinksResolver - Exposing 2 endpoint(s) beneath base path '/actuator'
2023-09-04 22:04:23 [main] INFO  o.a.coyote.http11.Http11NioProtocol - Starting ProtocolHandler ["http-nio-8888"]
2023-09-04 22:04:23 [main] INFO  o.s.b.w.e.tomcat.TomcatWebServer - Tomcat started on port(s): 8888 (http) with context path ''
2023-09-04 22:04:23 [main] INFO  c.g.m.d.config.server.ConfigServer - Started ConfigServer in 88.162 seconds (JVM running for 107.501)
2023-09-04 22:04:24 [http-nio-8888-exec-1] INFO  o.a.c.c.C.[Tomcat].[localhost].[/] - Initializing Spring DispatcherServlet 'dispatcherServlet'
2023-09-04 22:04:24 [http-nio-8888-exec-1] INFO  o.s.web.servlet.DispatcherServlet - Initializing Servlet 'dispatcherServlet'
2023-09-04 22:04:25 [http-nio-8888-exec-1] INFO  o.s.web.servlet.DispatcherServlet - Completed initialization in 199 ms
2023-09-04 22:04:43 [http-nio-8888-exec-2] INFO  o.s.c.c.s.e.NativeEnvironmentRepository - Adding property source: file:/tmp/config-repo-9111057674582102295/config-client-twitter_to_kafka.yml
2023-09-04 22:04:43 [http-nio-8888-exec-2] INFO  o.s.c.c.s.e.NativeEnvironmentRepository - Adding property source: file:/tmp/config-repo-9111057674582102295/config-client.yml
2023-09-04 22:06:31 [http-nio-8888-exec-4] INFO  o.s.c.c.s.e.NativeEnvironmentRepository - Adding property source: file:/tmp/config-repo-9111057674582102295/config-client-kafka_to_elastic.yml
2023-09-04 22:06:31 [http-nio-8888-exec-4] INFO  o.s.c.c.s.e.NativeEnvironmentRepository - Adding property source: file:/tmp/config-repo-9111057674582102295/config-client.yml
2023-09-04 22:11:56 [http-nio-8888-exec-6] INFO  o.s.c.c.s.e.NativeEnvironmentRepository - Adding property source: file:/tmp/config-repo-9111057674582102295/config-client-kafka_to_elastic.yml
2023-09-04 22:11:56 [http-nio-8888-exec-6] INFO  o.s.c.c.s.e.NativeEnvironmentRepository - Adding property source: file:/tmp/config-repo-9111057674582102295/config-client.yml
2023-09-04 22:13:25 [http-nio-8888-exec-8] INFO  o.s.c.c.s.e.NativeEnvironmentRepository - Adding property source: file:/tmp/config-repo-9111057674582102295/config-client-kafka_to_elastic.yml
2023-09-04 22:13:25 [http-nio-8888-exec-8] INFO  o.s.c.c.s.e.NativeEnvironmentRepository - Adding property source: file:/tmp/config-repo-9111057674582102295/config-client.yml
2023-09-04 22:14:40 [http-nio-8888-exec-10] INFO  o.s.c.c.s.e.NativeEnvironmentRepository - Adding property source: file:/tmp/config-repo-9111057674582102295/config-client-kafka_to_elastic.yml
2023-09-04 22:14:40 [http-nio-8888-exec-10] INFO  o.s.c.c.s.e.NativeEnvironmentRepository - Adding property source: file:/tmp/config-repo-9111057674582102295/config-client.yml
2023-09-04 22:15:48 [http-nio-8888-exec-2] INFO  o.s.c.c.s.e.NativeEnvironmentRepository - Adding property source: file:/tmp/config-repo-9111057674582102295/config-client-kafka_to_elastic.yml
2023-09-04 22:15:48 [http-nio-8888-exec-2] INFO  o.s.c.c.s.e.NativeEnvironmentRepository - Adding property source: file:/tmp/config-repo-9111057674582102295/config-client.yml
2023-09-04 22:16:43 [http-nio-8888-exec-4] INFO  o.s.c.c.s.e.NativeEnvironmentRepository - Adding property source: file:/tmp/config-repo-9111057674582102295/config-client-kafka_to_elastic.yml
2023-09-04 22:16:43 [http-nio-8888-exec-4] INFO  o.s.c.c.s.e.NativeEnvironmentRepository - Adding property source: file:/tmp/config-repo-9111057674582102295/config-client.yml
2023-09-04 22:17:59 [http-nio-8888-exec-6] INFO  o.s.c.c.s.e.NativeEnvironmentRepository - Adding property source: file:/tmp/config-repo-9111057674582102295/config-client-kafka_to_elastic.yml
2023-09-04 22:17:59 [http-nio-8888-exec-6] INFO  o.s.c.c.s.e.NativeEnvironmentRepository - Adding property source: file:/tmp/config-repo-9111057674582102295/config-client.yml
2023-09-04 22:22:30 [http-nio-8888-exec-8] INFO  o.s.c.c.s.e.NativeEnvironmentRepository - Adding property source: file:/tmp/config-repo-9111057674582102295/config-client-kafka_to_elastic.yml
2023-09-04 22:22:30 [http-nio-8888-exec-8] INFO  o.s.c.c.s.e.NativeEnvironmentRepository - Adding property source: file:/tmp/config-repo-9111057674582102295/config-client.yml
2023-09-04 22:23:07 [http-nio-8888-exec-10] INFO  o.s.c.c.s.e.NativeEnvironmentRepository - Adding property source: file:/tmp/config-repo-9111057674582102295/config-client-kafka_to_elastic.yml
2023-09-04 22:23:07 [http-nio-8888-exec-10] INFO  o.s.c.c.s.e.NativeEnvironmentRepository - Adding property source: file:/tmp/config-repo-9111057674582102295/config-client.yml
2023-09-04 22:24:54 [http-nio-8888-exec-2] INFO  o.s.c.c.s.e.NativeEnvironmentRepository - Adding property source: file:/tmp/config-repo-9111057674582102295/config-client-kafka_to_elastic.yml
2023-09-04 22:24:54 [http-nio-8888-exec-2] INFO  o.s.c.c.s.e.NativeEnvironmentRepository - Adding property source: file:/tmp/config-repo-9111057674582102295/config-client.yml
2023-09-04 22:27:52 [http-nio-8888-exec-4] INFO  o.s.c.c.s.e.NativeEnvironmentRepository - Adding property source: file:/tmp/config-repo-9111057674582102295/config-client-kafka_to_elastic.yml
2023-09-04 22:27:52 [http-nio-8888-exec-4] INFO  o.s.c.c.s.e.NativeEnvironmentRepository - Adding property source: file:/tmp/config-repo-9111057674582102295/config-client.yml
2023-09-04 22:30:54 [http-nio-8888-exec-6] INFO  o.s.c.c.s.e.NativeEnvironmentRepository - Adding property source: file:/tmp/config-repo-9111057674582102295/config-client-kafka_to_elastic.yml
2023-09-04 22:30:54 [http-nio-8888-exec-6] INFO  o.s.c.c.s.e.NativeEnvironmentRepository - Adding property source: file:/tmp/config-repo-9111057674582102295/config-client.yml
2023-09-04 22:32:44 [SpringContextShutdownHook] INFO  o.s.s.c.ThreadPoolTaskExecutor - Shutting down ExecutorService 'applicationTaskExecutor'
2023-09-04 22:36:43 [background-preinit] INFO  o.h.validator.internal.util.Version - HV000001: Hibernate Validator 6.1.5.Final
2023-09-04 22:37:09 [main] INFO  c.g.m.d.config.server.ConfigServer - No active profile set, falling back to default profiles: default
2023-09-04 22:37:22 [main] INFO  o.s.cloud.context.scope.GenericScope - BeanFactory id=2a519873-3bf9-3410-9240-bed5bf7485b8
2023-09-04 22:37:26 [main] INFO  o.s.b.w.e.tomcat.TomcatWebServer - Tomcat initialized with port(s): 8888 (http)
2023-09-04 22:37:26 [main] INFO  o.a.coyote.http11.Http11NioProtocol - Initializing ProtocolHandler ["http-nio-8888"]
2023-09-04 22:37:26 [main] INFO  o.a.catalina.core.StandardService - Starting service [Tomcat]
2023-09-04 22:37:26 [main] INFO  o.a.catalina.core.StandardEngine - Starting Servlet engine: [Apache Tomcat/9.0.38]
2023-09-04 22:37:26 [main] INFO  o.a.c.c.C.[Tomcat].[localhost].[/] - Initializing Spring embedded WebApplicationContext
2023-09-04 22:37:26 [main] INFO  o.s.b.w.s.c.ServletWebServerApplicationContext - Root WebApplicationContext: initialization completed in 17528 ms
2023-09-04 22:37:34 [main] INFO  o.s.s.c.ThreadPoolTaskExecutor - Initializing ExecutorService 'applicationTaskExecutor'
2023-09-04 22:38:02 [main] INFO  o.s.s.web.DefaultSecurityFilterChain - Creating filter chain: Ant [pattern='/actuator/**'], []
2023-09-04 22:38:02 [main] INFO  o.s.s.web.DefaultSecurityFilterChain - Creating filter chain: Ant [pattern='/encrypt/**'], []
2023-09-04 22:38:02 [main] INFO  o.s.s.web.DefaultSecurityFilterChain - Creating filter chain: Ant [pattern='/decrypt/**'], []
2023-09-04 22:38:02 [main] INFO  o.s.s.web.DefaultSecurityFilterChain - Creating filter chain: any request, [org.springframework.security.web.context.request.async.WebAsyncManagerIntegrationFilter@1e5b33e5, org.springframework.security.web.context.SecurityContextPersistenceFilter@42e202d7, org.springframework.security.web.header.HeaderWriterFilter@5f3ddc86, org.springframework.security.web.csrf.CsrfFilter@edbc2bf, org.springframework.security.web.authentication.logout.LogoutFilter@70ee1963, org.springframework.security.web.authentication.UsernamePasswordAuthenticationFilter@351ede23, org.springframework.security.web.authentication.ui.DefaultLoginPageGeneratingFilter@2965dd88, org.springframework.security.web.authentication.ui.DefaultLogoutPageGeneratingFilter@654b899f, org.springframework.security.web.authentication.www.BasicAuthenticationFilter@7a730479, org.springframework.security.web.savedrequest.RequestCacheAwareFilter@62158991, org.springframework.security.web.servletapi.SecurityContextHolderAwareRequestFilter@4cd5fc46, org.springframework.security.web.authentication.AnonymousAuthenticationFilter@71468613, org.springframework.security.web.session.SessionManagementFilter@336d28a1, org.springframework.security.web.access.ExceptionTranslationFilter@4491eaeb, org.springframework.security.web.access.intercept.FilterSecurityInterceptor@283e1759]
2023-09-04 22:38:04 [main] INFO  o.s.b.a.e.web.EndpointLinksResolver - Exposing 2 endpoint(s) beneath base path '/actuator'
2023-09-04 22:38:04 [main] INFO  o.a.coyote.http11.Http11NioProtocol - Starting ProtocolHandler ["http-nio-8888"]
2023-09-04 22:38:04 [main] INFO  o.s.b.w.e.tomcat.TomcatWebServer - Tomcat started on port(s): 8888 (http) with context path ''
2023-09-04 22:38:05 [main] INFO  c.g.m.d.config.server.ConfigServer - Started ConfigServer in 95.697 seconds (JVM running for 115.893)
2023-09-04 22:38:07 [http-nio-8888-exec-1] INFO  o.a.c.c.C.[Tomcat].[localhost].[/] - Initializing Spring DispatcherServlet 'dispatcherServlet'
2023-09-04 22:38:07 [http-nio-8888-exec-1] INFO  o.s.web.servlet.DispatcherServlet - Initializing Servlet 'dispatcherServlet'
2023-09-04 22:38:08 [http-nio-8888-exec-1] INFO  o.s.web.servlet.DispatcherServlet - Completed initialization in 131 ms
2023-09-04 22:38:28 [http-nio-8888-exec-2] INFO  o.s.c.c.s.e.NativeEnvironmentRepository - Adding property source: file:/tmp/config-repo-12913705627160078219/config-client-twitter_to_kafka.yml
2023-09-04 22:38:28 [http-nio-8888-exec-2] INFO  o.s.c.c.s.e.NativeEnvironmentRepository - Adding property source: file:/tmp/config-repo-12913705627160078219/config-client.yml
2023-09-04 22:39:38 [http-nio-8888-exec-4] INFO  o.s.c.c.s.e.NativeEnvironmentRepository - Adding property source: file:/tmp/config-repo-12913705627160078219/config-client-kafka_to_elastic.yml
2023-09-04 22:39:38 [http-nio-8888-exec-4] INFO  o.s.c.c.s.e.NativeEnvironmentRepository - Adding property source: file:/tmp/config-repo-12913705627160078219/config-client.yml
2023-09-04 22:41:25 [http-nio-8888-exec-6] INFO  o.s.c.c.s.e.NativeEnvironmentRepository - Adding property source: file:/tmp/config-repo-12913705627160078219/config-client-kafka_to_elastic.yml
2023-09-04 22:41:25 [http-nio-8888-exec-6] INFO  o.s.c.c.s.e.NativeEnvironmentRepository - Adding property source: file:/tmp/config-repo-12913705627160078219/config-client.yml
2023-09-04 22:42:13 [http-nio-8888-exec-8] INFO  o.s.c.c.s.e.NativeEnvironmentRepository - Adding property source: file:/tmp/config-repo-12913705627160078219/config-client-kafka_to_elastic.yml
2023-09-04 22:42:13 [http-nio-8888-exec-8] INFO  o.s.c.c.s.e.NativeEnvironmentRepository - Adding property source: file:/tmp/config-repo-12913705627160078219/config-client.yml
2023-09-04 22:43:18 [http-nio-8888-exec-10] INFO  o.s.c.c.s.e.NativeEnvironmentRepository - Adding property source: file:/tmp/config-repo-12913705627160078219/config-client-kafka_to_elastic.yml
2023-09-04 22:43:18 [http-nio-8888-exec-10] INFO  o.s.c.c.s.e.NativeEnvironmentRepository - Adding property source: file:/tmp/config-repo-12913705627160078219/config-client.yml
2023-09-04 22:44:01 [http-nio-8888-exec-2] INFO  o.s.c.c.s.e.NativeEnvironmentRepository - Adding property source: file:/tmp/config-repo-12913705627160078219/config-client-kafka_to_elastic.yml
2023-09-04 22:44:01 [http-nio-8888-exec-2] INFO  o.s.c.c.s.e.NativeEnvironmentRepository - Adding property source: file:/tmp/config-repo-12913705627160078219/config-client.yml
2023-09-04 22:45:00 [http-nio-8888-exec-4] INFO  o.s.c.c.s.e.NativeEnvironmentRepository - Adding property source: file:/tmp/config-repo-12913705627160078219/config-client-kafka_to_elastic.yml
2023-09-04 22:45:00 [http-nio-8888-exec-4] INFO  o.s.c.c.s.e.NativeEnvironmentRepository - Adding property source: file:/tmp/config-repo-12913705627160078219/config-client.yml
2023-09-04 22:45:28 [http-nio-8888-exec-6] INFO  o.s.c.c.s.e.NativeEnvironmentRepository - Adding property source: file:/tmp/config-repo-12913705627160078219/config-client-kafka_to_elastic.yml
2023-09-04 22:45:28 [http-nio-8888-exec-6] INFO  o.s.c.c.s.e.NativeEnvironmentRepository - Adding property source: file:/tmp/config-repo-12913705627160078219/config-client.yml
2023-09-04 22:48:06 [http-nio-8888-exec-8] INFO  o.s.c.c.s.e.NativeEnvironmentRepository - Adding property source: file:/tmp/config-repo-12913705627160078219/config-client-kafka_to_elastic.yml
2023-09-04 22:48:06 [http-nio-8888-exec-8] INFO  o.s.c.c.s.e.NativeEnvironmentRepository - Adding property source: file:/tmp/config-repo-12913705627160078219/config-client.yml
2023-09-04 22:48:38 [SpringContextShutdownHook] INFO  o.s.s.c.ThreadPoolTaskExecutor - Shutting down ExecutorService 'applicationTaskExecutor'
