2023-08-07 16:12:52 [background-preinit] INFO  o.h.validator.internal.util.Version - HV000001: Hibernate Validator 6.1.5.Final
2023-08-07 16:13:09 [main] INFO  c.g.m.d.config.server.ConfigServer - No active profile set, falling back to default profiles: default
2023-08-07 16:13:22 [main] INFO  o.s.cloud.context.scope.GenericScope - BeanFactory id=2a519873-3bf9-3410-9240-bed5bf7485b8
2023-08-07 16:13:26 [main] INFO  o.s.b.w.e.tomcat.TomcatWebServer - Tomcat initialized with port(s): 8888 (http)
2023-08-07 16:13:26 [main] INFO  o.a.coyote.http11.Http11NioProtocol - Initializing ProtocolHandler ["http-nio-8888"]
2023-08-07 16:13:26 [main] INFO  o.a.catalina.core.StandardService - Starting service [Tomcat]
2023-08-07 16:13:26 [main] INFO  o.a.catalina.core.StandardEngine - Starting Servlet engine: [Apache Tomcat/9.0.38]
2023-08-07 16:13:27 [main] INFO  o.a.c.c.C.[Tomcat].[localhost].[/] - Initializing Spring embedded WebApplicationContext
2023-08-07 16:13:27 [main] INFO  o.s.b.w.s.c.ServletWebServerApplicationContext - Root WebApplicationContext: initialization completed in 17098 ms
2023-08-07 16:13:33 [main] INFO  o.s.s.c.ThreadPoolTaskExecutor - Initializing ExecutorService 'applicationTaskExecutor'
2023-08-07 16:13:54 [main] INFO  o.s.s.web.DefaultSecurityFilterChain - Creating filter chain: Ant [pattern='/actuator/**'], []
2023-08-07 16:13:54 [main] INFO  o.s.s.web.DefaultSecurityFilterChain - Creating filter chain: Ant [pattern='/encrypt/**'], []
2023-08-07 16:13:54 [main] INFO  o.s.s.web.DefaultSecurityFilterChain - Creating filter chain: Ant [pattern='/decrypt/**'], []
2023-08-07 16:13:55 [main] INFO  o.s.s.web.DefaultSecurityFilterChain - Creating filter chain: any request, [org.springframework.security.web.context.request.async.WebAsyncManagerIntegrationFilter@71468613, org.springframework.security.web.context.SecurityContextPersistenceFilter@62158991, org.springframework.security.web.header.HeaderWriterFilter@336d28a1, org.springframework.security.web.csrf.CsrfFilter@62ab5e63, org.springframework.security.web.authentication.logout.LogoutFilter@22c29aa8, org.springframework.security.web.authentication.UsernamePasswordAuthenticationFilter@5df7a065, org.springframework.security.web.authentication.ui.DefaultLoginPageGeneratingFilter@51141f64, org.springframework.security.web.authentication.ui.DefaultLogoutPageGeneratingFilter@13f4048e, org.springframework.security.web.authentication.www.BasicAuthenticationFilter@654b899f, org.springframework.security.web.savedrequest.RequestCacheAwareFilter@1255de25, org.springframework.security.web.servletapi.SecurityContextHolderAwareRequestFilter@3221588e, org.springframework.security.web.authentication.AnonymousAuthenticationFilter@5477d90e, org.springframework.security.web.session.SessionManagementFilter@42e202d7, org.springframework.security.web.access.ExceptionTranslationFilter@5f3ddc86, org.springframework.security.web.access.intercept.FilterSecurityInterceptor@30a01dd8]
2023-08-07 16:13:56 [main] INFO  o.s.b.a.e.web.EndpointLinksResolver - Exposing 2 endpoint(s) beneath base path '/actuator'
2023-08-07 16:13:56 [main] INFO  o.a.coyote.http11.Http11NioProtocol - Starting ProtocolHandler ["http-nio-8888"]
2023-08-07 16:13:56 [main] INFO  o.s.b.w.e.tomcat.TomcatWebServer - Tomcat started on port(s): 8888 (http) with context path ''
2023-08-07 16:13:56 [main] INFO  c.g.m.d.config.server.ConfigServer - Started ConfigServer in 72.202 seconds (JVM running for 84.407)
2023-08-07 16:13:57 [http-nio-8888-exec-1] INFO  o.a.c.c.C.[Tomcat].[localhost].[/] - Initializing Spring DispatcherServlet 'dispatcherServlet'
2023-08-07 16:13:57 [http-nio-8888-exec-1] INFO  o.s.web.servlet.DispatcherServlet - Initializing Servlet 'dispatcherServlet'
2023-08-07 16:13:57 [http-nio-8888-exec-1] INFO  o.s.web.servlet.DispatcherServlet - Completed initialization in 76 ms
2023-08-07 16:20:33 [background-preinit] INFO  o.h.validator.internal.util.Version - HV000001: Hibernate Validator 6.1.5.Final
2023-08-07 16:20:50 [main] INFO  c.g.m.d.config.server.ConfigServer - No active profile set, falling back to default profiles: default
2023-08-07 16:21:05 [main] INFO  o.s.cloud.context.scope.GenericScope - BeanFactory id=2a519873-3bf9-3410-9240-bed5bf7485b8
2023-08-07 16:21:09 [main] INFO  o.s.b.w.e.tomcat.TomcatWebServer - Tomcat initialized with port(s): 8888 (http)
2023-08-07 16:21:09 [main] INFO  o.a.coyote.http11.Http11NioProtocol - Initializing ProtocolHandler ["http-nio-8888"]
2023-08-07 16:21:09 [main] INFO  o.a.catalina.core.StandardService - Starting service [Tomcat]
2023-08-07 16:21:09 [main] INFO  o.a.catalina.core.StandardEngine - Starting Servlet engine: [Apache Tomcat/9.0.38]
2023-08-07 16:21:10 [main] INFO  o.a.c.c.C.[Tomcat].[localhost].[/] - Initializing Spring embedded WebApplicationContext
2023-08-07 16:21:10 [main] INFO  o.s.b.w.s.c.ServletWebServerApplicationContext - Root WebApplicationContext: initialization completed in 19531 ms
2023-08-07 16:21:18 [main] INFO  o.s.s.c.ThreadPoolTaskExecutor - Initializing ExecutorService 'applicationTaskExecutor'
2023-08-07 16:21:41 [main] INFO  o.s.s.web.DefaultSecurityFilterChain - Creating filter chain: Ant [pattern='/actuator/**'], []
2023-08-07 16:21:41 [main] INFO  o.s.s.web.DefaultSecurityFilterChain - Creating filter chain: Ant [pattern='/encrypt/**'], []
2023-08-07 16:21:41 [main] INFO  o.s.s.web.DefaultSecurityFilterChain - Creating filter chain: Ant [pattern='/decrypt/**'], []
2023-08-07 16:21:41 [main] INFO  o.s.s.web.DefaultSecurityFilterChain - Creating filter chain: any request, [org.springframework.security.web.context.request.async.WebAsyncManagerIntegrationFilter@13f4048e, org.springframework.security.web.context.SecurityContextPersistenceFilter@40738846, org.springframework.security.web.header.HeaderWriterFilter@738a39cc, org.springframework.security.web.csrf.CsrfFilter@e91facf, org.springframework.security.web.authentication.logout.LogoutFilter@129b69b2, org.springframework.security.web.authentication.UsernamePasswordAuthenticationFilter@3f45dfec, org.springframework.security.web.authentication.ui.DefaultLoginPageGeneratingFilter@32c0fecc, org.springframework.security.web.authentication.ui.DefaultLogoutPageGeneratingFilter@5477d90e, org.springframework.security.web.authentication.www.BasicAuthenticationFilter@71468613, org.springframework.security.web.savedrequest.RequestCacheAwareFilter@1686ed85, org.springframework.security.web.servletapi.SecurityContextHolderAwareRequestFilter@51141f64, org.springframework.security.web.authentication.AnonymousAuthenticationFilter@6dc9a56e, org.springframework.security.web.session.SessionManagementFilter@38e7860c, org.springframework.security.web.access.ExceptionTranslationFilter@78e043e4, org.springframework.security.web.access.intercept.FilterSecurityInterceptor@1f68e4e8]
2023-08-07 16:21:42 [main] INFO  o.s.b.a.e.web.EndpointLinksResolver - Exposing 2 endpoint(s) beneath base path '/actuator'
2023-08-07 16:21:42 [main] INFO  o.a.coyote.http11.Http11NioProtocol - Starting ProtocolHandler ["http-nio-8888"]
2023-08-07 16:21:43 [main] INFO  o.s.b.w.e.tomcat.TomcatWebServer - Tomcat started on port(s): 8888 (http) with context path ''
2023-08-07 16:21:44 [http-nio-8888-exec-1] INFO  o.a.c.c.C.[Tomcat].[localhost].[/] - Initializing Spring DispatcherServlet 'dispatcherServlet'
2023-08-07 16:21:44 [http-nio-8888-exec-1] INFO  o.s.web.servlet.DispatcherServlet - Initializing Servlet 'dispatcherServlet'
2023-08-07 16:21:44 [main] INFO  c.g.m.d.config.server.ConfigServer - Started ConfigServer in 77.787 seconds (JVM running for 88.514)
2023-08-07 16:21:44 [http-nio-8888-exec-1] INFO  o.s.web.servlet.DispatcherServlet - Completed initialization in 94 ms
2023-08-07 16:24:08 [SpringContextShutdownHook] INFO  o.s.s.c.ThreadPoolTaskExecutor - Shutting down ExecutorService 'applicationTaskExecutor'
2023-08-07 16:28:48 [background-preinit] INFO  o.h.validator.internal.util.Version - HV000001: Hibernate Validator 6.1.5.Final
2023-08-07 16:29:07 [main] INFO  c.g.m.d.config.server.ConfigServer - No active profile set, falling back to default profiles: default
2023-08-07 16:29:22 [main] INFO  o.s.cloud.context.scope.GenericScope - BeanFactory id=2a519873-3bf9-3410-9240-bed5bf7485b8
2023-08-07 16:29:25 [main] INFO  o.s.b.w.e.tomcat.TomcatWebServer - Tomcat initialized with port(s): 8888 (http)
2023-08-07 16:29:26 [main] INFO  o.a.coyote.http11.Http11NioProtocol - Initializing ProtocolHandler ["http-nio-8888"]
2023-08-07 16:29:26 [main] INFO  o.a.catalina.core.StandardService - Starting service [Tomcat]
2023-08-07 16:29:26 [main] INFO  o.a.catalina.core.StandardEngine - Starting Servlet engine: [Apache Tomcat/9.0.38]
2023-08-07 16:29:26 [main] INFO  o.a.c.c.C.[Tomcat].[localhost].[/] - Initializing Spring embedded WebApplicationContext
2023-08-07 16:29:26 [main] INFO  o.s.b.w.s.c.ServletWebServerApplicationContext - Root WebApplicationContext: initialization completed in 18704 ms
2023-08-07 16:29:33 [main] INFO  o.s.s.c.ThreadPoolTaskExecutor - Initializing ExecutorService 'applicationTaskExecutor'
2023-08-07 16:29:56 [main] INFO  o.s.s.web.DefaultSecurityFilterChain - Creating filter chain: Ant [pattern='/actuator/**'], []
2023-08-07 16:29:56 [main] INFO  o.s.s.web.DefaultSecurityFilterChain - Creating filter chain: Ant [pattern='/encrypt/**'], []
2023-08-07 16:29:56 [main] INFO  o.s.s.web.DefaultSecurityFilterChain - Creating filter chain: Ant [pattern='/decrypt/**'], []
2023-08-07 16:29:56 [main] INFO  o.s.s.web.DefaultSecurityFilterChain - Creating filter chain: any request, [org.springframework.security.web.context.request.async.WebAsyncManagerIntegrationFilter@1bc6c20d, org.springframework.security.web.context.SecurityContextPersistenceFilter@71262020, org.springframework.security.web.header.HeaderWriterFilter@25421809, org.springframework.security.web.csrf.CsrfFilter@25e6c22a, org.springframework.security.web.authentication.logout.LogoutFilter@78f5cbc5, org.springframework.security.web.authentication.UsernamePasswordAuthenticationFilter@283e1759, org.springframework.security.web.authentication.ui.DefaultLoginPageGeneratingFilter@5891b7c5, org.springframework.security.web.authentication.ui.DefaultLogoutPageGeneratingFilter@aedc426, org.springframework.security.web.authentication.www.BasicAuthenticationFilter@7b52b18a, org.springframework.security.web.savedrequest.RequestCacheAwareFilter@78e043e4, org.springframework.security.web.servletapi.SecurityContextHolderAwareRequestFilter@1686ed85, org.springframework.security.web.authentication.AnonymousAuthenticationFilter@39b85a73, org.springframework.security.web.session.SessionManagementFilter@6ac9b66b, org.springframework.security.web.access.ExceptionTranslationFilter@43ab0659, org.springframework.security.web.access.intercept.FilterSecurityInterceptor@79e2606f]
2023-08-07 16:29:57 [main] INFO  o.s.b.a.e.web.EndpointLinksResolver - Exposing 2 endpoint(s) beneath base path '/actuator'
2023-08-07 16:29:57 [main] INFO  o.a.coyote.http11.Http11NioProtocol - Starting ProtocolHandler ["http-nio-8888"]
2023-08-07 16:29:57 [main] INFO  o.s.b.w.e.tomcat.TomcatWebServer - Tomcat started on port(s): 8888 (http) with context path ''
2023-08-07 16:29:58 [main] INFO  c.g.m.d.config.server.ConfigServer - Started ConfigServer in 80.115 seconds (JVM running for 93.066)
2023-08-07 16:29:59 [http-nio-8888-exec-1] INFO  o.a.c.c.C.[Tomcat].[localhost].[/] - Initializing Spring DispatcherServlet 'dispatcherServlet'
2023-08-07 16:29:59 [http-nio-8888-exec-1] INFO  o.s.web.servlet.DispatcherServlet - Initializing Servlet 'dispatcherServlet'
2023-08-07 16:29:59 [http-nio-8888-exec-1] INFO  o.s.web.servlet.DispatcherServlet - Completed initialization in 346 ms
2023-08-07 16:30:19 [http-nio-8888-exec-2] INFO  o.s.c.c.s.e.NativeEnvironmentRepository - Adding property source: file:/tmp/config-repo-7675705017498264143/config-client-twitter_to_kafka.yml
2023-08-07 16:30:19 [http-nio-8888-exec-2] INFO  o.s.c.c.s.e.NativeEnvironmentRepository - Adding property source: file:/tmp/config-repo-7675705017498264143/config-client.yml
2023-08-07 16:34:00 [SpringContextShutdownHook] INFO  o.s.s.c.ThreadPoolTaskExecutor - Shutting down ExecutorService 'applicationTaskExecutor'
