2022-08-15 18:19:36 [main] INFO  c.m.d.t.t.k.s.TwitterToKafkaServiceApplication - Starting TwitterToKafkaServiceApplication using Java 18.0.1.1 on DESKTOP-QOHIC6N with PID 3452 (D:\Projekty\microservices-demo\twitter-to-kafka-service\target\classes started by olendec in D:\Projekty\microservices-demo)
2022-08-15 18:19:36 [main] INFO  c.m.d.t.t.k.s.TwitterToKafkaServiceApplication - No active profile set, falling back to 1 default profile: "default"
2022-08-15 18:19:36 [main] INFO  c.m.d.t.t.k.s.TwitterToKafkaServiceApplication - Started TwitterToKafkaServiceApplication in 0.505 seconds (JVM running for 0.943)
2022-08-15 18:19:36 [main] INFO  c.m.d.t.t.k.s.TwitterToKafkaServiceApplication - App starts...
2022-08-15 18:19:36 [main] INFO  c.m.d.t.t.k.s.TwitterToKafkaServiceApplication - [Java, Microservices, Kafka, Elasticsearch]
2022-08-15 18:19:36 [main] INFO  c.m.d.t.t.k.s.TwitterToKafkaServiceApplication - Hello World
2022-08-15 18:19:36 [main] INFO  c.m.d.t.t.k.s.r.i.MockKafkaStreamRunner - Starting mock filtering twitter streams for keywords [Java, Microservices, Kafka, Elasticsearch]
2022-08-15 18:19:36 [pool-1-thread-1] INFO  c.m.d.t.t.k.s.l.TwitterKafkaStatusListener - Twitter status with text libero congue purus posuere posuere elit ipsum malesuada Elasticsearch amet libero ipsum sed pulvinar elit porttitor
2022-08-15 18:19:46 [pool-1-thread-1] INFO  c.m.d.t.t.k.s.l.TwitterKafkaStatusListener - Twitter status with text elit ipsum Fusce porttitor dolor adipiscing ultricies Microservices adipiscing elit pulvinar consectetuer sed posuere
2022-08-15 18:19:56 [pool-1-thread-1] INFO  c.m.d.t.t.k.s.l.TwitterKafkaStatusListener - Twitter status with text libero adipiscing Maecenas elit ipsum Lorem sit Maecenas Elasticsearch amet ipsum posuere consectetuer Fusce sit dolor
2022-08-15 18:20:06 [pool-1-thread-1] INFO  c.m.d.t.t.k.s.l.TwitterKafkaStatusListener - Twitter status with text massa ultricies massa dolor elit Kafka pulvinar Lorem purus Lorem
2022-08-15 18:20:16 [pool-1-thread-1] INFO  c.m.d.t.t.k.s.l.TwitterKafkaStatusListener - Twitter status with text ipsum pulvinar ultricies porttitor purus Elasticsearch posuere pulvinar amet porttitor
2022-08-15 18:23:08 [main] INFO  c.m.d.t.t.k.s.TwitterToKafkaServiceApplication - Starting TwitterToKafkaServiceApplication using Java 18.0.1.1 on DESKTOP-QOHIC6N with PID 21144 (D:\Projekty\microservices-demo\twitter-to-kafka-service\target\classes started by olendec in D:\Projekty\microservices-demo)
2022-08-15 18:23:08 [main] INFO  c.m.d.t.t.k.s.TwitterToKafkaServiceApplication - No active profile set, falling back to 1 default profile: "default"
2022-08-15 18:23:08 [main] INFO  c.m.d.t.t.k.s.TwitterToKafkaServiceApplication - Started TwitterToKafkaServiceApplication in 0.447 seconds (JVM running for 0.736)
2022-08-15 18:23:08 [main] INFO  c.m.d.t.t.k.s.TwitterToKafkaServiceApplication - App starts...
2022-08-15 18:23:08 [main] INFO  c.m.d.t.t.k.s.TwitterToKafkaServiceApplication - [Java, Microservices, Kafka, Elasticsearch]
2022-08-15 18:23:08 [main] INFO  c.m.d.t.t.k.s.TwitterToKafkaServiceApplication - Hello World
2022-08-15 18:23:08 [main] INFO  c.m.d.t.t.k.s.r.i.MockKafkaStreamRunner - Starting mock filtering twitter streams for keywords [Java, Microservices, Kafka, Elasticsearch]
2022-08-15 18:23:08 [pool-1-thread-1] INFO  c.m.d.t.t.k.s.l.TwitterKafkaStatusListener - Twitter status with text porttitor congue pulvinar sit Kafka sed porttitor Fusce
2022-08-15 18:23:18 [pool-1-thread-1] INFO  c.m.d.t.t.k.s.l.TwitterKafkaStatusListener - Twitter status with text Fusce sit Lorem porttitor massa Kafka sit sit posuere magna
2022-08-15 18:32:36 [main] INFO  c.m.d.t.t.k.s.TwitterToKafkaServiceApplication - Starting TwitterToKafkaServiceApplication using Java 18.0.1.1 on DESKTOP-QOHIC6N with PID 13664 (D:\Projekty\microservices-demo\twitter-to-kafka-service\target\classes started by olendec in D:\Projekty\microservices-demo)
2022-08-15 18:32:36 [main] INFO  c.m.d.t.t.k.s.TwitterToKafkaServiceApplication - No active profile set, falling back to 1 default profile: "default"
2022-08-15 18:32:36 [main] INFO  c.m.d.t.t.k.s.TwitterToKafkaServiceApplication - Started TwitterToKafkaServiceApplication in 0.398 seconds (JVM running for 0.743)
2022-08-15 18:32:36 [main] INFO  c.m.d.t.t.k.s.TwitterToKafkaServiceApplication - App starts...
2022-08-15 18:32:36 [main] INFO  c.m.d.t.t.k.s.TwitterToKafkaServiceApplication - [Java, Microservices, Kafka, Elasticsearch]
2022-08-15 18:32:36 [main] INFO  c.m.d.t.t.k.s.TwitterToKafkaServiceApplication - Hello World
2022-08-15 18:32:36 [main] INFO  c.m.d.t.t.k.s.r.i.MockKafkaStreamRunner - Starting mock filtering twitter streams for keywords [Java, Microservices, Kafka, Elasticsearch]
2022-08-15 18:32:37 [pool-1-thread-1] INFO  c.m.d.t.t.k.s.l.TwitterKafkaStatusListener - Twitter status with text lectus posuere sed adipiscing purus Lorem Lorem Maecenas Microservices ipsum amet porttitor lectus Lorem elit
2022-08-15 18:32:47 [pool-1-thread-1] INFO  c.m.d.t.t.k.s.l.TwitterKafkaStatusListener - Twitter status with text posuere libero malesuada posuere sit ultricies Java Lorem porttitor consectetuer purus elit
2022-08-15 18:32:57 [pool-1-thread-1] INFO  c.m.d.t.t.k.s.l.TwitterKafkaStatusListener - Twitter status with text lectus sit pulvinar Lorem ipsum ultricies Microservices ultricies Maecenas Maecenas Fusce ipsum
2022-08-15 18:33:07 [pool-1-thread-1] INFO  c.m.d.t.t.k.s.l.TwitterKafkaStatusListener - Twitter status with text sit elit congue lectus malesuada Java amet massa magna ultricies
