2023-07-23 17:13:03 [main] INFO  c.g.m.d.t.t.k.s.TwitterToKafkaServiceApplication - Starting TwitterToKafkaServiceApplication on MacBook-Pro-Cezary.local with PID 84007 (/Users/olendec/Projekty/event-driven-microservices/twitter-to-kafka-service/target/classes started by olendec in /Users/olendec/Projekty/event-driven-microservices)
2023-07-23 17:13:03 [main] INFO  c.g.m.d.t.t.k.s.TwitterToKafkaServiceApplication - No active profile set, falling back to default profiles: default
2023-07-23 17:13:03 [main] INFO  c.g.m.d.t.t.k.s.TwitterToKafkaServiceApplication - Started TwitterToKafkaServiceApplication in 0.636 seconds (JVM running for 0.914)
2023-07-23 17:13:03 [main] INFO  c.g.m.d.t.t.k.s.TwitterToKafkaServiceApplication - App starts...
2023-07-23 17:13:03 [main] INFO  c.g.m.d.t.t.k.s.TwitterToKafkaServiceApplication - [Java, Microservices, Kafka, Elasticsearch]
2023-07-23 17:13:57 [main] INFO  c.g.m.d.t.t.k.s.TwitterToKafkaServiceApplication - Starting TwitterToKafkaServiceApplication on MacBook-Pro-Cezary.local with PID 84028 (/Users/olendec/Projekty/event-driven-microservices/twitter-to-kafka-service/target/classes started by olendec in /Users/olendec/Projekty/event-driven-microservices)
2023-07-23 17:13:57 [main] INFO  c.g.m.d.t.t.k.s.TwitterToKafkaServiceApplication - No active profile set, falling back to default profiles: default
2023-07-23 17:13:58 [main] INFO  c.g.m.d.t.t.k.s.TwitterToKafkaServiceApplication - Started TwitterToKafkaServiceApplication in 0.4 seconds (JVM running for 0.663)
2023-07-23 17:13:58 [main] INFO  c.g.m.d.t.t.k.s.TwitterToKafkaServiceApplication - App starts...
2023-07-23 17:13:58 [main] INFO  c.g.m.d.t.t.k.s.TwitterToKafkaServiceApplication - [Java, Microservices, Kafka, Elasticsearch]
2023-07-23 17:13:58 [main] INFO  c.g.m.d.t.t.k.s.TwitterToKafkaServiceApplication - Hello microservices!
2023-07-23 17:13:58 [main] INFO  c.g.m.d.t.t.k.s.r.i.MockKafkaStreamRunner - Starting mock filtering twitter streams for keywords [Java, Microservices, Kafka, Elasticsearch]
2023-07-23 17:13:58 [pool-1-thread-1] INFO  c.g.m.d.t.t.k.s.l.TwitterKafkaStatusListener - Twitter status with text massa massa posuere posuere dolor porttitor massa Elasticsearch Fusce porttitor massa purus adipiscing ipsum
2023-07-23 17:14:08 [pool-1-thread-1] INFO  c.g.m.d.t.t.k.s.l.TwitterKafkaStatusListener - Twitter status with text Maecenas adipiscing ultricies purus adipiscing posuere Java elit adipiscing Lorem libero ultricies
2023-07-23 17:14:18 [pool-1-thread-1] INFO  c.g.m.d.t.t.k.s.l.TwitterKafkaStatusListener - Twitter status with text libero posuere dolor elit Microservices massa elit Maecenas
2023-07-23 17:30:28 [main] INFO  c.g.m.d.t.t.k.s.TwitterToKafkaServiceApplication - Starting TwitterToKafkaServiceApplication on MacBook-Pro-Cezary.local with PID 84330 (/Users/olendec/Projekty/event-driven-microservices/twitter-to-kafka-service/target/classes started by olendec in /Users/olendec/Projekty/event-driven-microservices)
2023-07-23 17:30:28 [main] INFO  c.g.m.d.t.t.k.s.TwitterToKafkaServiceApplication - No active profile set, falling back to default profiles: default
2023-07-23 17:30:28 [main] INFO  c.g.m.d.t.t.k.s.TwitterToKafkaServiceApplication - Started TwitterToKafkaServiceApplication in 0.494 seconds (JVM running for 0.72)
2023-07-23 17:30:28 [main] INFO  c.g.m.d.t.t.k.s.TwitterToKafkaServiceApplication - App starts...
2023-07-23 17:30:28 [main] INFO  c.g.m.d.t.t.k.s.TwitterToKafkaServiceApplication - [Java, Microservices, Kafka, Elasticsearch]
2023-07-23 17:30:28 [main] INFO  c.g.m.d.t.t.k.s.TwitterToKafkaServiceApplication - Hello microservices!
2023-07-23 17:30:28 [main] INFO  c.g.m.d.t.t.k.s.r.i.MockKafkaStreamRunner - Starting mock filtering twitter streams for keywords [Java, Microservices, Kafka, Elasticsearch]
2023-07-23 17:30:28 [pool-1-thread-1] INFO  c.g.m.d.t.t.k.s.l.TwitterKafkaStatusListener - Twitter status with text massa Fusce massa posuere Fusce Kafka ultricies sed amet
2023-07-23 17:30:38 [pool-1-thread-1] INFO  c.g.m.d.t.t.k.s.l.TwitterKafkaStatusListener - Twitter status with text Maecenas lectus pulvinar lectus ipsum adipiscing Elasticsearch Maecenas pulvinar purus purus
2023-07-23 17:30:48 [pool-1-thread-1] INFO  c.g.m.d.t.t.k.s.l.TwitterKafkaStatusListener - Twitter status with text sit congue Fusce malesuada lectus consectetuer magna Microservices ipsum libero posuere Fusce pulvinar
