2022-08-08 02:02:05 [main] INFO  c.m.d.t.t.k.s.TwitterToKafkaServiceApplication - Starting TwitterToKafkaServiceApplication using Java 18.0.1.1 on DESKTOP-QOHIC6N with PID 20028 (D:\Projekty\microservices-demo\twitter-to-kafka-service\target\classes started by olendec in D:\Projekty\microservices-demo)
2022-08-08 02:02:05 [main] INFO  c.m.d.t.t.k.s.TwitterToKafkaServiceApplication - No active profile set, falling back to 1 default profile: "default"
2022-08-08 02:02:05 [main] INFO  c.m.d.t.t.k.s.TwitterToKafkaServiceApplication - Started TwitterToKafkaServiceApplication in 0.377 seconds (JVM running for 0.682)
2022-08-08 02:02:05 [main] INFO  c.m.d.t.t.k.s.TwitterToKafkaServiceApplication - App starts...
2022-08-08 02:02:05 [main] INFO  c.m.d.t.t.k.s.TwitterToKafkaServiceApplication - [Java, Microservices, Kafka, Elasticsearch]
2022-08-08 02:05:39 [main] INFO  c.m.d.t.t.k.s.TwitterToKafkaServiceApplication - Starting TwitterToKafkaServiceApplication using Java 18.0.1.1 on DESKTOP-QOHIC6N with PID 24864 (D:\Projekty\microservices-demo\twitter-to-kafka-service\target\classes started by olendec in D:\Projekty\microservices-demo)
2022-08-08 02:05:39 [main] INFO  c.m.d.t.t.k.s.TwitterToKafkaServiceApplication - No active profile set, falling back to 1 default profile: "default"
2022-08-08 02:05:39 [main] INFO  c.m.d.t.t.k.s.TwitterToKafkaServiceApplication - Started TwitterToKafkaServiceApplication in 0.38 seconds (JVM running for 0.643)
2022-08-08 02:05:39 [main] INFO  c.m.d.t.t.k.s.TwitterToKafkaServiceApplication - App starts...
2022-08-08 02:05:39 [main] INFO  c.m.d.t.t.k.s.TwitterToKafkaServiceApplication - [Java, Microservices, Kafka, Elasticsearch]
2022-08-08 02:05:57 [main] INFO  c.m.d.t.t.k.s.TwitterToKafkaServiceApplication - Starting TwitterToKafkaServiceApplication using Java 18.0.1.1 on DESKTOP-QOHIC6N with PID 22928 (D:\Projekty\microservices-demo\twitter-to-kafka-service\target\classes started by olendec in D:\Projekty\microservices-demo)
2022-08-08 02:05:57 [main] INFO  c.m.d.t.t.k.s.TwitterToKafkaServiceApplication - No active profile set, falling back to 1 default profile: "default"
2022-08-08 02:05:57 [main] INFO  c.m.d.t.t.k.s.TwitterToKafkaServiceApplication - Started TwitterToKafkaServiceApplication in 0.367 seconds (JVM running for 0.636)
2022-08-08 02:05:57 [main] INFO  c.m.d.t.t.k.s.TwitterToKafkaServiceApplication - App starts...
2022-08-08 02:05:57 [main] INFO  c.m.d.t.t.k.s.TwitterToKafkaServiceApplication - Hello World
2022-08-08 02:07:43 [main] INFO  c.m.d.t.t.k.s.TwitterToKafkaServiceApplication - Starting TwitterToKafkaServiceApplication using Java 18.0.1.1 on DESKTOP-QOHIC6N with PID 10592 (D:\Projekty\microservices-demo\twitter-to-kafka-service\target\classes started by olendec in D:\Projekty\microservices-demo)
2022-08-08 02:07:43 [main] INFO  c.m.d.t.t.k.s.TwitterToKafkaServiceApplication - No active profile set, falling back to 1 default profile: "default"
2022-08-08 02:07:44 [main] INFO  c.m.d.t.t.k.s.TwitterToKafkaServiceApplication - Started TwitterToKafkaServiceApplication in 0.365 seconds (JVM running for 0.633)
2022-08-08 02:07:44 [main] INFO  c.m.d.t.t.k.s.TwitterToKafkaServiceApplication - App starts...
2022-08-08 02:07:44 [main] INFO  c.m.d.t.t.k.s.TwitterToKafkaServiceApplication - [Java, Microservices, Kafka, Elasticsearch]
2022-08-08 02:07:44 [main] INFO  c.m.d.t.t.k.s.TwitterToKafkaServiceApplication - Hello World
